c:\uot-masters\geometry-processing\geometry-processing-introduction\build\libigl\glfw\src\glfw_objects.dir\debug\glfw_objects.pdb
c:\uot-masters\geometry-processing\geometry-processing-introduction\build\libigl\glfw\src\glfw_objects.dir\debug\egl_context.obj
c:\uot-masters\geometry-processing\geometry-processing-introduction\build\libigl\glfw\src\glfw_objects.dir\debug\wgl_context.obj
c:\uot-masters\geometry-processing\geometry-processing-introduction\build\libigl\glfw\src\glfw_objects.dir\debug\win32_window.obj
c:\uot-masters\geometry-processing\geometry-processing-introduction\build\libigl\glfw\src\glfw_objects.dir\debug\win32_tls.obj
c:\uot-masters\geometry-processing\geometry-processing-introduction\build\libigl\glfw\src\glfw_objects.dir\debug\win32_time.obj
c:\uot-masters\geometry-processing\geometry-processing-introduction\build\libigl\glfw\src\glfw_objects.dir\debug\win32_monitor.obj
c:\uot-masters\geometry-processing\geometry-processing-introduction\build\libigl\glfw\src\glfw_objects.dir\debug\win32_joystick.obj
c:\uot-masters\geometry-processing\geometry-processing-introduction\build\libigl\glfw\src\glfw_objects.dir\debug\win32_init.obj
c:\uot-masters\geometry-processing\geometry-processing-introduction\build\libigl\glfw\src\glfw_objects.dir\debug\window.obj
c:\uot-masters\geometry-processing\geometry-processing-introduction\build\libigl\glfw\src\glfw_objects.dir\debug\vulkan.obj
c:\uot-masters\geometry-processing\geometry-processing-introduction\build\libigl\glfw\src\glfw_objects.dir\debug\monitor.obj
c:\uot-masters\geometry-processing\geometry-processing-introduction\build\libigl\glfw\src\glfw_objects.dir\debug\input.obj
c:\uot-masters\geometry-processing\geometry-processing-introduction\build\libigl\glfw\src\glfw_objects.dir\debug\init.obj
c:\uot-masters\geometry-processing\geometry-processing-introduction\build\libigl\glfw\src\glfw_objects.dir\debug\context.obj
c:\uot-masters\geometry-processing\geometry-processing-introduction\build\libigl\glfw\src\cmakefiles\generate.stamp
c:\uot-masters\geometry-processing\geometry-processing-introduction\build\libigl\glfw\src\glfw_objects.dir\debug\glfw_objects.lib
c:\uot-masters\geometry-processing\geometry-processing-introduction\build\libigl\glfw\src\glfw_objects.dir\debug\glfw_objects.tlog\cl.command.1.tlog
c:\uot-masters\geometry-processing\geometry-processing-introduction\build\libigl\glfw\src\glfw_objects.dir\debug\glfw_objects.tlog\cl.read.1.tlog
c:\uot-masters\geometry-processing\geometry-processing-introduction\build\libigl\glfw\src\glfw_objects.dir\debug\glfw_objects.tlog\cl.write.1.tlog
c:\uot-masters\geometry-processing\geometry-processing-introduction\build\libigl\glfw\src\glfw_objects.dir\debug\glfw_objects.tlog\custombuild.command.1.tlog
c:\uot-masters\geometry-processing\geometry-processing-introduction\build\libigl\glfw\src\glfw_objects.dir\debug\glfw_objects.tlog\custombuild.read.1.tlog
c:\uot-masters\geometry-processing\geometry-processing-introduction\build\libigl\glfw\src\glfw_objects.dir\debug\glfw_objects.tlog\custombuild.write.1.tlog
c:\uot-masters\geometry-processing\geometry-processing-introduction\build\libigl\glfw\src\glfw_objects.dir\debug\glfw_objects.tlog\lib-link.read.1.tlog
c:\uot-masters\geometry-processing\geometry-processing-introduction\build\libigl\glfw\src\glfw_objects.dir\debug\glfw_objects.tlog\lib-link.write.1.tlog
c:\uot-masters\geometry-processing\geometry-processing-introduction\build\libigl\glfw\src\glfw_objects.dir\debug\glfw_objects.tlog\lib.command.1.tlog
