  edges.cpp
  euler_characteristic.cpp
  main.cpp
C:\UoT-Masters\Geometry-Processing\geometry-processing-introduction\src\edges.cpp(18): warning C4800: 'int': forcing value to bool 'true' or 'false' (performance warning)
C:\UoT-Masters\Geometry-Processing\geometry-processing-introduction\src\edges.cpp(29): warning C4800: 'int': forcing value to bool 'true' or 'false' (performance warning)
C:\UoT-Masters\Geometry-Processing\geometry-processing-introduction\src\edges.cpp(40): warning C4800: 'int': forcing value to bool 'true' or 'false' (performance warning)
c:\uot-masters\geometry-processing\geometry-processing-introduction\shared\libigl\include\igl\ply.h(482): warning C4996: 'strdup': The POSIX name for this item is deprecated. Instead, use the ISO C and C++ conformant name: _strdup. See online help for details. (compiling source file C:\UoT-Masters\Geometry-Processing\geometry-processing-introduction\main.cpp)
  C:\Program Files (x86)\Windows Kits\10\Include\10.0.10240.0\ucrt\string.h(552): note: see declaration of 'strdup' (compiling source file C:\UoT-Masters\Geometry-Processing\geometry-processing-introduction\main.cpp)
c:\uot-masters\geometry-processing\geometry-processing-introduction\shared\libigl\include\igl\ply.h(521): warning C4996: 'strcpy': This function or variable may be unsafe. Consider using strcpy_s instead. To disable deprecation, use _CRT_SECURE_NO_WARNINGS. See online help for details. (compiling source file C:\UoT-Masters\Geometry-Processing\geometry-processing-introduction\main.cpp)
  C:\Program Files (x86)\Windows Kits\10\Include\10.0.10240.0\ucrt\string.h(119): note: see declaration of 'strcpy' (compiling source file C:\UoT-Masters\Geometry-Processing\geometry-processing-introduction\main.cpp)
c:\uot-masters\geometry-processing\geometry-processing-introduction\shared\libigl\include\igl\ply.h(524): warning C4996: 'strcat': This function or variable may be unsafe. Consider using strcat_s instead. To disable deprecation, use _CRT_SECURE_NO_WARNINGS. See online help for details. (compiling source file C:\UoT-Masters\Geometry-Processing\geometry-processing-introduction\main.cpp)
  C:\Program Files (x86)\Windows Kits\10\Include\10.0.10240.0\ucrt\string.h(90): note: see declaration of 'strcat' (compiling source file C:\UoT-Masters\Geometry-Processing\geometry-processing-introduction\main.cpp)
c:\uot-masters\geometry-processing\geometry-processing-introduction\shared\libigl\include\igl\ply.h(528): warning C4996: 'fopen': This function or variable may be unsafe. Consider using fopen_s instead. To disable deprecation, use _CRT_SECURE_NO_WARNINGS. See online help for details. (compiling source file C:\UoT-Masters\Geometry-Processing\geometry-processing-introduction\main.cpp)
  C:\Program Files (x86)\Windows Kits\10\Include\10.0.10240.0\ucrt\stdio.h(205): note: see declaration of 'fopen' (compiling source file C:\UoT-Masters\Geometry-Processing\geometry-processing-introduction\main.cpp)
c:\uot-masters\geometry-processing\geometry-processing-introduction\shared\libigl\include\igl\ply.h(957): warning C4996: 'strdup': The POSIX name for this item is deprecated. Instead, use the ISO C and C++ conformant name: _strdup. See online help for details. (compiling source file C:\UoT-Masters\Geometry-Processing\geometry-processing-introduction\main.cpp)
  C:\Program Files (x86)\Windows Kits\10\Include\10.0.10240.0\ucrt\string.h(552): note: see declaration of 'strdup' (compiling source file C:\UoT-Masters\Geometry-Processing\geometry-processing-introduction\main.cpp)
c:\uot-masters\geometry-processing\geometry-processing-introduction\shared\libigl\include\igl\ply.h(981): warning C4996: 'strdup': The POSIX name for this item is deprecated. Instead, use the ISO C and C++ conformant name: _strdup. See online help for details. (compiling source file C:\UoT-Masters\Geometry-Processing\geometry-processing-introduction\main.cpp)
  C:\Program Files (x86)\Windows Kits\10\Include\10.0.10240.0\ucrt\string.h(552): note: see declaration of 'strdup' (compiling source file C:\UoT-Masters\Geometry-Processing\geometry-processing-introduction\main.cpp)
c:\uot-masters\geometry-processing\geometry-processing-introduction\shared\libigl\include\igl\ply.h(1070): warning C4244: '=': conversion from 'double' to 'float', possible loss of data (compiling source file C:\UoT-Masters\Geometry-Processing\geometry-processing-introduction\main.cpp)
c:\uot-masters\geometry-processing\geometry-processing-introduction\shared\libigl\include\igl\ply.h(1106): warning C4996: 'strdup': The POSIX name for this item is deprecated. Instead, use the ISO C and C++ conformant name: _strdup. See online help for details. (compiling source file C:\UoT-Masters\Geometry-Processing\geometry-processing-introduction\main.cpp)
  C:\Program Files (x86)\Windows Kits\10\Include\10.0.10240.0\ucrt\string.h(552): note: see declaration of 'strdup' (compiling source file C:\UoT-Masters\Geometry-Processing\geometry-processing-introduction\main.cpp)
c:\uot-masters\geometry-processing\geometry-processing-introduction\shared\libigl\include\igl\ply.h(1159): warning C4996: 'fopen': This function or variable may be unsafe. Consider using fopen_s instead. To disable deprecation, use _CRT_SECURE_NO_WARNINGS. See online help for details. (compiling source file C:\UoT-Masters\Geometry-Processing\geometry-processing-introduction\main.cpp)
  C:\Program Files (x86)\Windows Kits\10\Include\10.0.10240.0\ucrt\stdio.h(205): note: see declaration of 'fopen' (compiling source file C:\UoT-Masters\Geometry-Processing\geometry-processing-introduction\main.cpp)
c:\uot-masters\geometry-processing\geometry-processing-introduction\shared\libigl\include\igl\ply.h(1488): warning C4996: 'strdup': The POSIX name for this item is deprecated. Instead, use the ISO C and C++ conformant name: _strdup. See online help for details. (compiling source file C:\UoT-Masters\Geometry-Processing\geometry-processing-introduction\main.cpp)
  C:\Program Files (x86)\Windows Kits\10\Include\10.0.10240.0\ucrt\string.h(552): note: see declaration of 'strdup' (compiling source file C:\UoT-Masters\Geometry-Processing\geometry-processing-introduction\main.cpp)
c:\uot-masters\geometry-processing\geometry-processing-introduction\shared\libigl\include\igl\ply.h(1587): warning C4996: 'strdup': The POSIX name for this item is deprecated. Instead, use the ISO C and C++ conformant name: _strdup. See online help for details. (compiling source file C:\UoT-Masters\Geometry-Processing\geometry-processing-introduction\main.cpp)
  C:\Program Files (x86)\Windows Kits\10\Include\10.0.10240.0\ucrt\string.h(552): note: see declaration of 'strdup' (compiling source file C:\UoT-Masters\Geometry-Processing\geometry-processing-introduction\main.cpp)
c:\uot-masters\geometry-processing\geometry-processing-introduction\shared\libigl\include\igl\ply.h(1644): warning C4996: 'strdup': The POSIX name for this item is deprecated. Instead, use the ISO C and C++ conformant name: _strdup. See online help for details. (compiling source file C:\UoT-Masters\Geometry-Processing\geometry-processing-introduction\main.cpp)
  C:\Program Files (x86)\Windows Kits\10\Include\10.0.10240.0\ucrt\string.h(552): note: see declaration of 'strdup' (compiling source file C:\UoT-Masters\Geometry-Processing\geometry-processing-introduction\main.cpp)
c:\uot-masters\geometry-processing\geometry-processing-introduction\shared\libigl\include\igl\ply.h(2477): warning C4244: '=': conversion from 'double' to 'float', possible loss of data (compiling source file C:\UoT-Masters\Geometry-Processing\geometry-processing-introduction\main.cpp)
c:\uot-masters\geometry-processing\geometry-processing-introduction\shared\libigl\include\igl\ply.h(2891): warning C4244: '=': conversion from 'double' to 'float', possible loss of data (compiling source file C:\UoT-Masters\Geometry-Processing\geometry-processing-introduction\main.cpp)
c:\uot-masters\geometry-processing\geometry-processing-introduction\shared\libigl\include\igl\ply.h(2919): warning C4996: 'strdup': The POSIX name for this item is deprecated. Instead, use the ISO C and C++ conformant name: _strdup. See online help for details. (compiling source file C:\UoT-Masters\Geometry-Processing\geometry-processing-introduction\main.cpp)
  C:\Program Files (x86)\Windows Kits\10\Include\10.0.10240.0\ucrt\string.h(552): note: see declaration of 'strdup' (compiling source file C:\UoT-Masters\Geometry-Processing\geometry-processing-introduction\main.cpp)
c:\uot-masters\geometry-processing\geometry-processing-introduction\shared\libigl\include\igl\ply.h(2984): warning C4996: 'strdup': The POSIX name for this item is deprecated. Instead, use the ISO C and C++ conformant name: _strdup. See online help for details. (compiling source file C:\UoT-Masters\Geometry-Processing\geometry-processing-introduction\main.cpp)
  C:\Program Files (x86)\Windows Kits\10\Include\10.0.10240.0\ucrt\string.h(552): note: see declaration of 'strdup' (compiling source file C:\UoT-Masters\Geometry-Processing\geometry-processing-introduction\main.cpp)
c:\uot-masters\geometry-processing\geometry-processing-introduction\shared\libigl\include\igl\ply.h(2989): warning C4996: 'strdup': The POSIX name for this item is deprecated. Instead, use the ISO C and C++ conformant name: _strdup. See online help for details. (compiling source file C:\UoT-Masters\Geometry-Processing\geometry-processing-introduction\main.cpp)
  C:\Program Files (x86)\Windows Kits\10\Include\10.0.10240.0\ucrt\string.h(552): note: see declaration of 'strdup' (compiling source file C:\UoT-Masters\Geometry-Processing\geometry-processing-introduction\main.cpp)
c:\uot-masters\geometry-processing\geometry-processing-introduction\shared\libigl\include\igl\ply.h(3056): warning C4996: 'strdup': The POSIX name for this item is deprecated. Instead, use the ISO C and C++ conformant name: _strdup. See online help for details. (compiling source file C:\UoT-Masters\Geometry-Processing\geometry-processing-introduction\main.cpp)
  C:\Program Files (x86)\Windows Kits\10\Include\10.0.10240.0\ucrt\string.h(552): note: see declaration of 'strdup' (compiling source file C:\UoT-Masters\Geometry-Processing\geometry-processing-introduction\main.cpp)
C:\UoT-Masters\Geometry-Processing\geometry-processing-introduction\shared\libigl\shared\cmake\..\..\include\igl/material_colors.h(16): warning C4838: conversion from 'double' to 'const float' requires a narrowing conversion (compiling source file C:\UoT-Masters\Geometry-Processing\geometry-processing-introduction\main.cpp)
C:\UoT-Masters\Geometry-Processing\geometry-processing-introduction\shared\libigl\shared\cmake\..\..\include\igl/material_colors.h(16): warning C4305: 'initializing': truncation from 'double' to 'const float' (compiling source file C:\UoT-Masters\Geometry-Processing\geometry-processing-introduction\main.cpp)
C:\UoT-Masters\Geometry-Processing\geometry-processing-introduction\shared\libigl\shared\cmake\..\..\include\igl/material_colors.h(17): warning C4838: conversion from 'double' to 'const float' requires a narrowing conversion (compiling source file C:\UoT-Masters\Geometry-Processing\geometry-processing-introduction\main.cpp)
C:\UoT-Masters\Geometry-Processing\geometry-processing-introduction\shared\libigl\shared\cmake\..\..\include\igl/material_colors.h(17): warning C4305: 'initializing': truncation from 'double' to 'const float' (compiling source file C:\UoT-Masters\Geometry-Processing\geometry-processing-introduction\main.cpp)
C:\UoT-Masters\Geometry-Processing\geometry-processing-introduction\shared\libigl\shared\cmake\..\..\include\igl/material_colors.h(18): warning C4838: conversion from 'double' to 'const float' requires a narrowing conversion (compiling source file C:\UoT-Masters\Geometry-Processing\geometry-processing-introduction\main.cpp)
C:\UoT-Masters\Geometry-Processing\geometry-processing-introduction\shared\libigl\shared\cmake\..\..\include\igl/material_colors.h(18): warning C4305: 'initializing': truncation from 'double' to 'const float' (compiling source file C:\UoT-Masters\Geometry-Processing\geometry-processing-introduction\main.cpp)
C:\UoT-Masters\Geometry-Processing\geometry-processing-introduction\shared\libigl\shared\cmake\..\..\include\igl/material_colors.h(23): warning C4838: conversion from 'double' to 'const float' requires a narrowing conversion (compiling source file C:\UoT-Masters\Geometry-Processing\geometry-processing-introduction\main.cpp)
C:\UoT-Masters\Geometry-Processing\geometry-processing-introduction\shared\libigl\shared\cmake\..\..\include\igl/material_colors.h(23): warning C4305: 'initializing': truncation from 'double' to 'const float' (compiling source file C:\UoT-Masters\Geometry-Processing\geometry-processing-introduction\main.cpp)
C:\UoT-Masters\Geometry-Processing\geometry-processing-introduction\shared\libigl\shared\cmake\..\..\include\igl/material_colors.h(24): warning C4838: conversion from 'double' to 'const float' requires a narrowing conversion (compiling source file C:\UoT-Masters\Geometry-Processing\geometry-processing-introduction\main.cpp)
C:\UoT-Masters\Geometry-Processing\geometry-processing-introduction\shared\libigl\shared\cmake\..\..\include\igl/material_colors.h(24): warning C4305: 'initializing': truncation from 'double' to 'const float' (compiling source file C:\UoT-Masters\Geometry-Processing\geometry-processing-introduction\main.cpp)
C:\UoT-Masters\Geometry-Processing\geometry-processing-introduction\shared\libigl\shared\cmake\..\..\include\igl/material_colors.h(25): warning C4838: conversion from 'double' to 'const float' requires a narrowing conversion (compiling source file C:\UoT-Masters\Geometry-Processing\geometry-processing-introduction\main.cpp)
C:\UoT-Masters\Geometry-Processing\geometry-processing-introduction\shared\libigl\shared\cmake\..\..\include\igl/material_colors.h(25): warning C4305: 'initializing': truncation from 'double' to 'const float' (compiling source file C:\UoT-Masters\Geometry-Processing\geometry-processing-introduction\main.cpp)
C:\UoT-Masters\Geometry-Processing\geometry-processing-introduction\shared\libigl\shared\cmake\..\..\include\igl/material_colors.h(26): warning C4838: conversion from 'double' to 'const float' requires a narrowing conversion (compiling source file C:\UoT-Masters\Geometry-Processing\geometry-processing-introduction\main.cpp)
C:\UoT-Masters\Geometry-Processing\geometry-processing-introduction\shared\libigl\shared\cmake\..\..\include\igl/material_colors.h(26): warning C4305: 'initializing': truncation from 'double' to 'const float' (compiling source file C:\UoT-Masters\Geometry-Processing\geometry-processing-introduction\main.cpp)
C:\UoT-Masters\Geometry-Processing\geometry-processing-introduction\shared\libigl\shared\cmake\..\..\include\igl/material_colors.h(39): warning C4838: conversion from 'double' to 'const float' requires a narrowing conversion (compiling source file C:\UoT-Masters\Geometry-Processing\geometry-processing-introduction\main.cpp)
C:\UoT-Masters\Geometry-Processing\geometry-processing-introduction\shared\libigl\shared\cmake\..\..\include\igl/material_colors.h(39): warning C4305: 'initializing': truncation from 'double' to 'const float' (compiling source file C:\UoT-Masters\Geometry-Processing\geometry-processing-introduction\main.cpp)
C:\UoT-Masters\Geometry-Processing\geometry-processing-introduction\shared\libigl\shared\cmake\..\..\include\igl/material_colors.h(40): warning C4838: conversion from 'double' to 'const float' requires a narrowing conversion (compiling source file C:\UoT-Masters\Geometry-Processing\geometry-processing-introduction\main.cpp)
C:\UoT-Masters\Geometry-Processing\geometry-processing-introduction\shared\libigl\shared\cmake\..\..\include\igl/material_colors.h(40): warning C4305: 'initializing': truncation from 'double' to 'const float' (compiling source file C:\UoT-Masters\Geometry-Processing\geometry-processing-introduction\main.cpp)
C:\UoT-Masters\Geometry-Processing\geometry-processing-introduction\shared\libigl\shared\cmake\..\..\include\igl/material_colors.h(43): warning C4838: conversion from 'double' to 'const float' requires a narrowing conversion (compiling source file C:\UoT-Masters\Geometry-Processing\geometry-processing-introduction\main.cpp)
C:\UoT-Masters\Geometry-Processing\geometry-processing-introduction\shared\libigl\shared\cmake\..\..\include\igl/material_colors.h(43): warning C4305: 'initializing': truncation from 'double' to 'const float' (compiling source file C:\UoT-Masters\Geometry-Processing\geometry-processing-introduction\main.cpp)
C:\UoT-Masters\Geometry-Processing\geometry-processing-introduction\shared\libigl\shared\cmake\..\..\include\igl/material_colors.h(44): warning C4838: conversion from 'double' to 'const float' requires a narrowing conversion (compiling source file C:\UoT-Masters\Geometry-Processing\geometry-processing-introduction\main.cpp)
C:\UoT-Masters\Geometry-Processing\geometry-processing-introduction\shared\libigl\shared\cmake\..\..\include\igl/material_colors.h(44): warning C4305: 'initializing': truncation from 'double' to 'const float' (compiling source file C:\UoT-Masters\Geometry-Processing\geometry-processing-introduction\main.cpp)
C:\UoT-Masters\Geometry-Processing\geometry-processing-introduction\shared\libigl\shared\cmake\..\..\include\igl/material_colors.h(45): warning C4838: conversion from 'double' to 'const float' requires a narrowing conversion (compiling source file C:\UoT-Masters\Geometry-Processing\geometry-processing-introduction\main.cpp)
C:\UoT-Masters\Geometry-Processing\geometry-processing-introduction\shared\libigl\shared\cmake\..\..\include\igl/material_colors.h(45): warning C4305: 'initializing': truncation from 'double' to 'const float' (compiling source file C:\UoT-Masters\Geometry-Processing\geometry-processing-introduction\main.cpp)
C:\UoT-Masters\Geometry-Processing\geometry-processing-introduction\shared\libigl\shared\cmake\..\..\include\igl/material_colors.h(47): warning C4305: 'argument': truncation from 'double' to 'const float' (compiling source file C:\UoT-Masters\Geometry-Processing\geometry-processing-introduction\main.cpp)
C:\UoT-Masters\Geometry-Processing\geometry-processing-introduction\shared\libigl\shared\cmake\..\..\include\igl/material_colors.h(48): warning C4305: 'argument': truncation from 'double' to 'const float' (compiling source file C:\UoT-Masters\Geometry-Processing\geometry-processing-introduction\main.cpp)
C:\UoT-Masters\Geometry-Processing\geometry-processing-introduction\shared\libigl\shared\cmake\..\..\include\igl/material_colors.h(49): warning C4305: 'argument': truncation from 'double' to 'const float' (compiling source file C:\UoT-Masters\Geometry-Processing\geometry-processing-introduction\main.cpp)
C:\UoT-Masters\Geometry-Processing\geometry-processing-introduction\shared\libigl\shared\cmake\..\..\include\igl/material_colors.h(50): warning C4305: 'argument': truncation from 'double' to 'const float' (compiling source file C:\UoT-Masters\Geometry-Processing\geometry-processing-introduction\main.cpp)
C:\UoT-Masters\Geometry-Processing\geometry-processing-introduction\shared\libigl\shared\cmake\..\..\include\igl/material_colors.h(51): warning C4305: 'argument': truncation from 'double' to 'const float' (compiling source file C:\UoT-Masters\Geometry-Processing\geometry-processing-introduction\main.cpp)
C:\UoT-Masters\Geometry-Processing\geometry-processing-introduction\shared\libigl\shared\cmake\..\..\include\igl/material_colors.h(52): warning C4305: 'argument': truncation from 'double' to 'const float' (compiling source file C:\UoT-Masters\Geometry-Processing\geometry-processing-introduction\main.cpp)
C:\UoT-Masters\Geometry-Processing\geometry-processing-introduction\shared\libigl\shared\cmake\..\..\include\igl/material_colors.h(54): warning C4305: 'argument': truncation from 'double' to 'const float' (compiling source file C:\UoT-Masters\Geometry-Processing\geometry-processing-introduction\main.cpp)
C:\UoT-Masters\Geometry-Processing\geometry-processing-introduction\shared\libigl\shared\cmake\..\..\include\igl/material_colors.h(55): warning C4305: 'argument': truncation from 'double' to 'const float' (compiling source file C:\UoT-Masters\Geometry-Processing\geometry-processing-introduction\main.cpp)
C:\UoT-Masters\Geometry-Processing\geometry-processing-introduction\shared\libigl\shared\cmake\..\..\include\igl/parula.h(57): warning C4305: 'argument': truncation from 'double' to 'const float' (compiling source file C:\UoT-Masters\Geometry-Processing\geometry-processing-introduction\main.cpp)
c:\uot-masters\geometry-processing\geometry-processing-introduction\shared\libigl\include\igl\viewer\ViewerData.cpp(178): warning C4018: '<': signed/unsigned mismatch (compiling source file C:\UoT-Masters\Geometry-Processing\geometry-processing-introduction\main.cpp)
c:\uot-masters\geometry-processing\geometry-processing-introduction\shared\libigl\include\igl\viewer\ViewerData.cpp(185): warning C4018: '<': signed/unsigned mismatch (compiling source file C:\UoT-Masters\Geometry-Processing\geometry-processing-introduction\main.cpp)
c:\uot-masters\geometry-processing\geometry-processing-introduction\shared\libigl\include\igl\viewer\ViewerData.cpp(269): warning C4018: '<': signed/unsigned mismatch (compiling source file C:\UoT-Masters\Geometry-Processing\geometry-processing-introduction\main.cpp)
c:\uot-masters\geometry-processing\geometry-processing-introduction\shared\libigl\include\igl\viewer\ViewerData.cpp(270): warning C4018: '<': signed/unsigned mismatch (compiling source file C:\UoT-Masters\Geometry-Processing\geometry-processing-introduction\main.cpp)
c:\uot-masters\geometry-processing\geometry-processing-introduction\shared\libigl\include\igl\viewer\ViewerData.cpp(318): warning C4018: '<': signed/unsigned mismatch (compiling source file C:\UoT-Masters\Geometry-Processing\geometry-processing-introduction\main.cpp)
c:\uot-masters\geometry-processing\geometry-processing-introduction\shared\libigl\include\igl\viewer\ViewerData.cpp(319): warning C4018: '<': signed/unsigned mismatch (compiling source file C:\UoT-Masters\Geometry-Processing\geometry-processing-introduction\main.cpp)
c:\uot-masters\geometry-processing\geometry-processing-introduction\shared\libigl\include\igl\viewer\ViewerData.cpp(383): warning C4018: '<': signed/unsigned mismatch (compiling source file C:\UoT-Masters\Geometry-Processing\geometry-processing-introduction\main.cpp)
c:\uot-masters\geometry-processing\geometry-processing-introduction\shared\libigl\include\igl\viewer\ViewerData.cpp(394): warning C4018: '<': signed/unsigned mismatch (compiling source file C:\UoT-Masters\Geometry-Processing\geometry-processing-introduction\main.cpp)
c:\uot-masters\geometry-processing\geometry-processing-introduction\shared\libigl\include\igl\viewer\OpenGL_state.cpp(111): warning C4018: '<': signed/unsigned mismatch (compiling source file C:\UoT-Masters\Geometry-Processing\geometry-processing-introduction\main.cpp)
c:\uot-masters\geometry-processing\geometry-processing-introduction\shared\libigl\include\igl\viewer\OpenGL_state.cpp(119): warning C4018: '<': signed/unsigned mismatch (compiling source file C:\UoT-Masters\Geometry-Processing\geometry-processing-introduction\main.cpp)
c:\uot-masters\geometry-processing\geometry-processing-introduction\shared\libigl\include\igl\viewer\OpenGL_state.cpp(127): warning C4018: '<': signed/unsigned mismatch (compiling source file C:\UoT-Masters\Geometry-Processing\geometry-processing-introduction\main.cpp)
c:\uot-masters\geometry-processing\geometry-processing-introduction\shared\libigl\include\igl\viewer\OpenGL_state.cpp(135): warning C4018: '<': signed/unsigned mismatch (compiling source file C:\UoT-Masters\Geometry-Processing\geometry-processing-introduction\main.cpp)
c:\uot-masters\geometry-processing\geometry-processing-introduction\shared\libigl\include\igl\viewer\OpenGL_state.cpp(143): warning C4018: '<': signed/unsigned mismatch (compiling source file C:\UoT-Masters\Geometry-Processing\geometry-processing-introduction\main.cpp)
c:\uot-masters\geometry-processing\geometry-processing-introduction\shared\libigl\include\igl\viewer\OpenGL_state.cpp(154): warning C4018: '<': signed/unsigned mismatch (compiling source file C:\UoT-Masters\Geometry-Processing\geometry-processing-introduction\main.cpp)
c:\uot-masters\geometry-processing\geometry-processing-introduction\shared\libigl\include\igl\viewer\OpenGL_state.cpp(161): warning C4018: '<': signed/unsigned mismatch (compiling source file C:\UoT-Masters\Geometry-Processing\geometry-processing-introduction\main.cpp)
c:\uot-masters\geometry-processing\geometry-processing-introduction\shared\libigl\include\igl\viewer\OpenGL_state.cpp(172): warning C4018: '<': signed/unsigned mismatch (compiling source file C:\UoT-Masters\Geometry-Processing\geometry-processing-introduction\main.cpp)
c:\uot-masters\geometry-processing\geometry-processing-introduction\shared\libigl\include\igl\viewer\OpenGL_state.cpp(180): warning C4018: '<': signed/unsigned mismatch (compiling source file C:\UoT-Masters\Geometry-Processing\geometry-processing-introduction\main.cpp)
c:\uot-masters\geometry-processing\geometry-processing-introduction\shared\libigl\include\igl\viewer\OpenGL_state.cpp(188): warning C4018: '<': signed/unsigned mismatch (compiling source file C:\UoT-Masters\Geometry-Processing\geometry-processing-introduction\main.cpp)
c:\uot-masters\geometry-processing\geometry-processing-introduction\shared\libigl\include\igl\viewer\OpenGL_state.cpp(196): warning C4018: '<': signed/unsigned mismatch (compiling source file C:\UoT-Masters\Geometry-Processing\geometry-processing-introduction\main.cpp)
c:\uot-masters\geometry-processing\geometry-processing-introduction\shared\libigl\include\igl\viewer\OpenGL_state.cpp(204): warning C4018: '<': signed/unsigned mismatch (compiling source file C:\UoT-Masters\Geometry-Processing\geometry-processing-introduction\main.cpp)
c:\uot-masters\geometry-processing\geometry-processing-introduction\shared\libigl\include\igl\viewer\OpenGL_state.cpp(218): warning C4018: '<': signed/unsigned mismatch (compiling source file C:\UoT-Masters\Geometry-Processing\geometry-processing-introduction\main.cpp)
c:\uot-masters\geometry-processing\geometry-processing-introduction\shared\libigl\include\igl\viewer\OpenGL_state.cpp(225): warning C4018: '<': signed/unsigned mismatch (compiling source file C:\UoT-Masters\Geometry-Processing\geometry-processing-introduction\main.cpp)
c:\uot-masters\geometry-processing\geometry-processing-introduction\shared\libigl\include\igl\viewer\OpenGL_state.cpp(236): warning C4018: '<': signed/unsigned mismatch (compiling source file C:\UoT-Masters\Geometry-Processing\geometry-processing-introduction\main.cpp)
c:\uot-masters\geometry-processing\geometry-processing-introduction\shared\libigl\include\igl\viewer\OpenGL_state.cpp(249): warning C4018: '<': signed/unsigned mismatch (compiling source file C:\UoT-Masters\Geometry-Processing\geometry-processing-introduction\main.cpp)
c:\uot-masters\geometry-processing\geometry-processing-introduction\shared\libigl\include\igl\viewer\OpenGL_state.cpp(265): warning C4018: '<': signed/unsigned mismatch (compiling source file C:\UoT-Masters\Geometry-Processing\geometry-processing-introduction\main.cpp)
c:\uot-masters\geometry-processing\geometry-processing-introduction\shared\libigl\include\igl\viewer\OpenGL_state.cpp(279): warning C4800: 'uint32_t': forcing value to bool 'true' or 'false' (performance warning) (compiling source file C:\UoT-Masters\Geometry-Processing\geometry-processing-introduction\main.cpp)
c:\uot-masters\geometry-processing\geometry-processing-introduction\shared\libigl\include\igl\viewer\OpenGL_state.cpp(280): warning C4800: 'uint32_t': forcing value to bool 'true' or 'false' (performance warning) (compiling source file C:\UoT-Masters\Geometry-Processing\geometry-processing-introduction\main.cpp)
c:\uot-masters\geometry-processing\geometry-processing-introduction\shared\libigl\include\igl\viewer\OpenGL_state.cpp(281): warning C4800: 'uint32_t': forcing value to bool 'true' or 'false' (performance warning) (compiling source file C:\UoT-Masters\Geometry-Processing\geometry-processing-introduction\main.cpp)
c:\uot-masters\geometry-processing\geometry-processing-introduction\shared\libigl\include\igl\viewer\OpenGL_state.cpp(282): warning C4800: 'uint32_t': forcing value to bool 'true' or 'false' (performance warning) (compiling source file C:\UoT-Masters\Geometry-Processing\geometry-processing-introduction\main.cpp)
c:\uot-masters\geometry-processing\geometry-processing-introduction\shared\libigl\include\igl\viewer\OpenGL_state.cpp(283): warning C4800: 'uint32_t': forcing value to bool 'true' or 'false' (performance warning) (compiling source file C:\UoT-Masters\Geometry-Processing\geometry-processing-introduction\main.cpp)
c:\uot-masters\geometry-processing\geometry-processing-introduction\shared\libigl\include\igl\viewer\OpenGL_state.cpp(306): warning C4800: 'uint32_t': forcing value to bool 'true' or 'false' (performance warning) (compiling source file C:\UoT-Masters\Geometry-Processing\geometry-processing-introduction\main.cpp)
c:\uot-masters\geometry-processing\geometry-processing-introduction\shared\libigl\include\igl\viewer\OpenGL_state.cpp(322): warning C4800: 'uint32_t': forcing value to bool 'true' or 'false' (performance warning) (compiling source file C:\UoT-Masters\Geometry-Processing\geometry-processing-introduction\main.cpp)
c:\uot-masters\geometry-processing\geometry-processing-introduction\shared\libigl\include\igl\viewer\ViewerCore.cpp(102): warning C4244: '=': conversion from 'double' to 'float', possible loss of data (compiling source file C:\UoT-Masters\Geometry-Processing\geometry-processing-introduction\main.cpp)
c:\uot-masters\geometry-processing\geometry-processing-introduction\shared\libigl\include\igl\viewer\ViewerCore.cpp(136): warning C4244: '=': conversion from 'double' to 'float', possible loss of data (compiling source file C:\UoT-Masters\Geometry-Processing\geometry-processing-introduction\main.cpp)
c:\uot-masters\geometry-processing\geometry-processing-introduction\shared\libigl\include\igl\viewer\ViewerCore.cpp(153): warning C4244: '=': conversion from 'double' to 'float', possible loss of data (compiling source file C:\UoT-Masters\Geometry-Processing\geometry-processing-introduction\main.cpp)
c:\uot-masters\geometry-processing\geometry-processing-introduction\shared\libigl\include\igl\viewer\ViewerCore.cpp(188): warning C4244: 'argument': conversion from 'float' to 'GLsizei', possible loss of data (compiling source file C:\UoT-Masters\Geometry-Processing\geometry-processing-introduction\main.cpp)
c:\uot-masters\geometry-processing\geometry-processing-introduction\shared\libigl\include\igl\viewer\ViewerCore.cpp(188): warning C4244: 'argument': conversion from 'float' to 'GLint', possible loss of data (compiling source file C:\UoT-Masters\Geometry-Processing\geometry-processing-introduction\main.cpp)
c:\uot-masters\geometry-processing\geometry-processing-introduction\shared\libigl\include\igl\viewer\ViewerCore.cpp(206): warning C4244: 'initializing': conversion from 'double' to 'float', possible loss of data (compiling source file C:\UoT-Masters\Geometry-Processing\geometry-processing-introduction\main.cpp)
c:\uot-masters\geometry-processing\geometry-processing-introduction\shared\libigl\include\igl\viewer\ViewerCore.cpp(211): warning C4244: 'initializing': conversion from 'double' to 'float', possible loss of data (compiling source file C:\UoT-Masters\Geometry-Processing\geometry-processing-introduction\main.cpp)
c:\uot-masters\geometry-processing\geometry-processing-introduction\shared\libigl\include\igl\viewer\ViewerCore.cpp(212): warning C4244: 'initializing': conversion from 'double' to 'float', possible loss of data (compiling source file C:\UoT-Masters\Geometry-Processing\geometry-processing-introduction\main.cpp)
c:\uot-masters\geometry-processing\geometry-processing-introduction\shared\libigl\include\igl\viewer\ViewerCore.cpp(403): warning C4244: 'argument': conversion from 'unsigned int' to 'const float', possible loss of data (compiling source file C:\UoT-Masters\Geometry-Processing\geometry-processing-introduction\main.cpp)
C:\UoT-Masters\Geometry-Processing\geometry-processing-introduction\shared\libigl\shared\cmake\..\..\external\nanogui\ext\glfw\include\GLFW/glfw3.h(786): warning C4099: 'GLFWwindow': type name first seen using 'class' now seen using 'struct' (compiling source file C:\UoT-Masters\Geometry-Processing\geometry-processing-introduction\main.cpp)
  c:\uot-masters\geometry-processing\geometry-processing-introduction\shared\libigl\include\igl\viewer\Viewer.h(39): note: see declaration of 'GLFWwindow' (compiling source file C:\UoT-Masters\Geometry-Processing\geometry-processing-introduction\main.cpp)
c:\uot-masters\geometry-processing\geometry-processing-introduction\shared\libigl\include\igl\writeOFF.cpp(70): warning C4003: not enough actual parameters for macro 'RGB' (compiling source file C:\UoT-Masters\Geometry-Processing\geometry-processing-introduction\main.cpp)
c:\uot-masters\geometry-processing\geometry-processing-introduction\shared\libigl\include\igl\file_dialog_open.cpp(44): warning C4101: 'szFile': unreferenced local variable (compiling source file C:\UoT-Masters\Geometry-Processing\geometry-processing-introduction\main.cpp)
c:\uot-masters\geometry-processing\geometry-processing-introduction\shared\libigl\include\igl\file_dialog_save.cpp(43): warning C4101: 'szFile': unreferenced local variable (compiling source file C:\UoT-Masters\Geometry-Processing\geometry-processing-introduction\main.cpp)
c:\uot-masters\geometry-processing\geometry-processing-introduction\shared\libigl\include\igl\EPS.h(16): warning C4305: 'initializing': truncation from 'double' to 'float' (compiling source file C:\UoT-Masters\Geometry-Processing\geometry-processing-introduction\main.cpp)
c:\uot-masters\geometry-processing\geometry-processing-introduction\shared\libigl\include\igl\EPS.h(17): warning C4305: 'initializing': truncation from 'double' to 'float' (compiling source file C:\UoT-Masters\Geometry-Processing\geometry-processing-introduction\main.cpp)
c:\uot-masters\geometry-processing\geometry-processing-introduction\shared\libigl\include\igl\viewer\Viewer.cpp(154): warning C4244: 'initializing': conversion from 'double' to 'int', possible loss of data (compiling source file C:\UoT-Masters\Geometry-Processing\geometry-processing-introduction\main.cpp)
c:\uot-masters\geometry-processing\geometry-processing-introduction\shared\libigl\include\igl\viewer\Viewer.cpp(155): warning C4244: 'initializing': conversion from 'double' to 'int', possible loss of data (compiling source file C:\UoT-Masters\Geometry-Processing\geometry-processing-introduction\main.cpp)
c:\uot-masters\geometry-processing\geometry-processing-introduction\shared\libigl\include\igl\viewer\Viewer.cpp(171): warning C4244: 'argument': conversion from 'double' to 'int', possible loss of data (compiling source file C:\UoT-Masters\Geometry-Processing\geometry-processing-introduction\main.cpp)
c:\uot-masters\geometry-processing\geometry-processing-introduction\shared\libigl\include\igl\viewer\Viewer.cpp(185): warning C4244: 'argument': conversion from 'double' to 'float', possible loss of data (compiling source file C:\UoT-Masters\Geometry-Processing\geometry-processing-introduction\main.cpp)
c:\uot-masters\geometry-processing\geometry-processing-introduction\shared\libigl\include\igl\viewer\Viewer.cpp(617): warning C4244: 'argument': conversion from 'double' to 'const float', possible loss of data (compiling source file C:\UoT-Masters\Geometry-Processing\geometry-processing-introduction\main.cpp)
c:\uot-masters\geometry-processing\geometry-processing-introduction\shared\libigl\include\igl\viewer\Viewer.cpp(708): warning C4244: 'argument': conversion from 'float' to 'const int', possible loss of data (compiling source file C:\UoT-Masters\Geometry-Processing\geometry-processing-introduction\main.cpp)
c:\uot-masters\geometry-processing\geometry-processing-introduction\shared\libigl\include\igl\viewer\Viewer.cpp(719): warning C4244: 'argument': conversion from 'int' to 'const float', possible loss of data (compiling source file C:\UoT-Masters\Geometry-Processing\geometry-processing-introduction\main.cpp)
c:\uot-masters\geometry-processing\geometry-processing-introduction\shared\libigl\include\igl\viewer\Viewer.cpp(720): warning C4244: 'argument': conversion from 'int' to 'const float', possible loss of data (compiling source file C:\UoT-Masters\Geometry-Processing\geometry-processing-introduction\main.cpp)
c:\uot-masters\geometry-processing\geometry-processing-introduction\shared\libigl\include\igl\viewer\Viewer.cpp(758): warning C4244: 'initializing': conversion from 'double' to 'float', possible loss of data (compiling source file C:\UoT-Masters\Geometry-Processing\geometry-processing-introduction\main.cpp)
c:\uot-masters\geometry-processing\geometry-processing-introduction\shared\libigl\include\igl\viewer\Viewer.cpp(845): warning C4244: 'argument': conversion from 'int' to 'const float', possible loss of data (compiling source file C:\UoT-Masters\Geometry-Processing\geometry-processing-introduction\main.cpp)
c:\uot-masters\geometry-processing\geometry-processing-introduction\shared\libigl\include\igl\ortho.cpp(21): warning C4244: '=': conversion from 'double' to 'float', possible loss of data (compiling source file C:\UoT-Masters\Geometry-Processing\geometry-processing-introduction\main.cpp)
  c:\uot-masters\geometry-processing\geometry-processing-introduction\shared\libigl\include\igl\viewer\ViewerCore.cpp(207): note: see reference to function template instantiation 'void igl::ortho<Eigen::Matrix<float,4,4,0,4,4>>(const float,const float,const float,const float,const float,const float,Eigen::PlainObjectBase<Eigen::Matrix<float,4,4,0,4,4>> &)' being compiled (compiling source file C:\UoT-Masters\Geometry-Processing\geometry-processing-introduction\main.cpp)
c:\uot-masters\geometry-processing\geometry-processing-introduction\shared\libigl\include\igl\ortho.cpp(22): warning C4244: '=': conversion from 'double' to 'float', possible loss of data (compiling source file C:\UoT-Masters\Geometry-Processing\geometry-processing-introduction\main.cpp)
c:\uot-masters\geometry-processing\geometry-processing-introduction\shared\libigl\include\igl\ortho.cpp(23): warning C4244: '=': conversion from 'double' to 'float', possible loss of data (compiling source file C:\UoT-Masters\Geometry-Processing\geometry-processing-introduction\main.cpp)
c:\uot-masters\geometry-processing\geometry-processing-introduction\shared\libigl\include\igl\frustum.cpp(20): warning C4244: '=': conversion from 'double' to 'float', possible loss of data (compiling source file C:\UoT-Masters\Geometry-Processing\geometry-processing-introduction\main.cpp)
  c:\uot-masters\geometry-processing\geometry-processing-introduction\shared\libigl\include\igl\viewer\ViewerCore.cpp(213): note: see reference to function template instantiation 'void igl::frustum<Eigen::Matrix<float,4,4,0,4,4>>(const float,const float,const float,const float,const float,const float,Eigen::PlainObjectBase<Eigen::Matrix<float,4,4,0,4,4>> &)' being compiled (compiling source file C:\UoT-Masters\Geometry-Processing\geometry-processing-introduction\main.cpp)
c:\uot-masters\geometry-processing\geometry-processing-introduction\shared\libigl\include\igl\frustum.cpp(21): warning C4244: '=': conversion from 'double' to 'float', possible loss of data (compiling source file C:\UoT-Masters\Geometry-Processing\geometry-processing-introduction\main.cpp)
c:\uot-masters\geometry-processing\geometry-processing-introduction\shared\libigl\include\igl\frustum.cpp(26): warning C4244: '=': conversion from 'double' to 'float', possible loss of data (compiling source file C:\UoT-Masters\Geometry-Processing\geometry-processing-introduction\main.cpp)
c:\uot-masters\geometry-processing\geometry-processing-introduction\shared\libigl\include\igl\writeOBJ.cpp(33): warning C4996: 'fopen': This function or variable may be unsafe. Consider using fopen_s instead. To disable deprecation, use _CRT_SECURE_NO_WARNINGS. See online help for details. (compiling source file C:\UoT-Masters\Geometry-Processing\geometry-processing-introduction\main.cpp)
  C:\Program Files (x86)\Windows Kits\10\Include\10.0.10240.0\ucrt\stdio.h(205): note: see declaration of 'fopen' (compiling source file C:\UoT-Masters\Geometry-Processing\geometry-processing-introduction\main.cpp)
  c:\uot-masters\geometry-processing\geometry-processing-introduction\shared\libigl\include\igl\viewer\Viewer.cpp(467): note: see reference to function template instantiation 'bool igl::writeOBJ<Eigen::Matrix<double,-1,-1,0,-1,-1>,Eigen::Matrix<int,-1,-1,0,-1,-1>,Eigen::Matrix<double,-1,-1,0,-1,-1>,Eigen::Matrix<int,-1,-1,0,-1,-1>,Eigen::Matrix<double,-1,-1,0,-1,-1>,Eigen::Matrix<int,-1,-1,0,-1,-1>>(const std::string,const Eigen::PlainObjectBase<Eigen::Matrix<double,-1,-1,0,-1,-1>> &,const Eigen::PlainObjectBase<Eigen::Matrix<int,-1,-1,0,-1,-1>> &,const Eigen::PlainObjectBase<Eigen::Matrix<double,-1,-1,0,-1,-1>> &,const Eigen::PlainObjectBase<Eigen::Matrix<int,-1,-1,0,-1,-1>> &,const Eigen::PlainObjectBase<Eigen::Matrix<double,-1,-1,0,-1,-1>> &,const Eigen::PlainObjectBase<Eigen::Matrix<int,-1,-1,0,-1,-1>> &)' being compiled (compiling source file C:\UoT-Masters\Geometry-Processing\geometry-processing-introduction\main.cpp)
c:\uot-masters\geometry-processing\geometry-processing-introduction\shared\libigl\include\igl\two_axis_valuator_fixed_up.cpp(29): warning C4244: 'argument': conversion from 'double' to 'const float', possible loss of data (compiling source file C:\UoT-Masters\Geometry-Processing\geometry-processing-introduction\main.cpp)
  c:\uot-masters\geometry-processing\geometry-processing-introduction\shared\libigl\include\igl\viewer\Viewer.cpp(708): note: see reference to function template instantiation 'void igl::two_axis_valuator_fixed_up<float,float>(const int,const int,const double,const Eigen::Quaternion<float,0> &,const int,const int,const int,const int,Eigen::Quaternion<float,0> &)' being compiled (compiling source file C:\UoT-Masters\Geometry-Processing\geometry-processing-introduction\main.cpp)
c:\uot-masters\geometry-processing\geometry-processing-introduction\shared\libigl\include\igl\two_axis_valuator_fixed_up.cpp(39): warning C4244: 'argument': conversion from 'double' to 'const float', possible loss of data (compiling source file C:\UoT-Masters\Geometry-Processing\geometry-processing-introduction\main.cpp)
c:\uot-masters\geometry-processing\geometry-processing-introduction\shared\libigl\include\igl\snap_to_canonical_view_quat.cpp(106): warning C4244: 'argument': conversion from 'const double' to 'const float', possible loss of data (compiling source file C:\UoT-Masters\Geometry-Processing\geometry-processing-introduction\main.cpp)
  c:\uot-masters\geometry-processing\geometry-processing-introduction\shared\libigl\include\igl\viewer\Viewer.cpp(851): note: see reference to function template instantiation 'bool igl::snap_to_canonical_view_quat<float,float>(const Eigen::Quaternion<float,0> &,const double,Eigen::Quaternion<float,0> &)' being compiled (compiling source file C:\UoT-Masters\Geometry-Processing\geometry-processing-introduction\main.cpp)
c:\uot-masters\geometry-processing\geometry-processing-introduction\shared\libigl\include\igl\readOFF.cpp(20): warning C4996: 'fopen': This function or variable may be unsafe. Consider using fopen_s instead. To disable deprecation, use _CRT_SECURE_NO_WARNINGS. See online help for details. (compiling source file C:\UoT-Masters\Geometry-Processing\geometry-processing-introduction\main.cpp)
  C:\Program Files (x86)\Windows Kits\10\Include\10.0.10240.0\ucrt\stdio.h(205): note: see declaration of 'fopen' (compiling source file C:\UoT-Masters\Geometry-Processing\geometry-processing-introduction\main.cpp)
  c:\uot-masters\geometry-processing\geometry-processing-introduction\shared\libigl\include\igl\readOFF.cpp(177): note: see reference to function template instantiation 'bool igl::readOFF<double,int>(const std::string,std::vector<std::vector<double,std::allocator<_Ty>>,std::allocator<std::vector<_Ty,std::allocator<_Ty>>>> &,std::vector<std::vector<int,std::allocator<int>>,std::allocator<std::vector<int,std::allocator<int>>>> &,std::vector<std::vector<_Ty,std::allocator<_Ty>>,std::allocator<std::vector<_Ty,std::allocator<_Ty>>>> &,std::vector<std::vector<_Ty,std::allocator<_Ty>>,std::allocator<std::vector<_Ty,std::allocator<_Ty>>>> &)' being compiled
          with
          [
              _Ty=double
          ] (compiling source file C:\UoT-Masters\Geometry-Processing\geometry-processing-introduction\main.cpp)
  c:\uot-masters\geometry-processing\geometry-processing-introduction\shared\libigl\include\igl\viewer\Viewer.cpp(386): note: see reference to function template instantiation 'bool igl::readOFF<Eigen::Matrix<double,-1,-1,0,-1,-1>,Eigen::Matrix<int,-1,-1,0,-1,-1>>(const std::string,Eigen::PlainObjectBase<Eigen::Matrix<double,-1,-1,0,-1,-1>> &,Eigen::PlainObjectBase<Eigen::Matrix<int,-1,-1,0,-1,-1>> &)' being compiled (compiling source file C:\UoT-Masters\Geometry-Processing\geometry-processing-introduction\main.cpp)
c:\uot-masters\geometry-processing\geometry-processing-introduction\shared\libigl\include\igl\readOBJ.cpp(29): warning C4996: 'fopen': This function or variable may be unsafe. Consider using fopen_s instead. To disable deprecation, use _CRT_SECURE_NO_WARNINGS. See online help for details. (compiling source file C:\UoT-Masters\Geometry-Processing\geometry-processing-introduction\main.cpp)
  C:\Program Files (x86)\Windows Kits\10\Include\10.0.10240.0\ucrt\stdio.h(205): note: see declaration of 'fopen' (compiling source file C:\UoT-Masters\Geometry-Processing\geometry-processing-introduction\main.cpp)
  c:\uot-masters\geometry-processing\geometry-processing-introduction\shared\libigl\include\igl\readOBJ.cpp(263): note: see reference to function template instantiation 'bool igl::readOBJ<double,int>(const std::string,std::vector<std::vector<double,std::allocator<_Ty>>,std::allocator<std::vector<_Ty,std::allocator<_Ty>>>> &,std::vector<std::vector<_Ty,std::allocator<_Ty>>,std::allocator<std::vector<_Ty,std::allocator<_Ty>>>> &,std::vector<std::vector<_Ty,std::allocator<_Ty>>,std::allocator<std::vector<_Ty,std::allocator<_Ty>>>> &,std::vector<std::vector<int,std::allocator<int>>,std::allocator<std::vector<int,std::allocator<int>>>> &,std::vector<std::vector<int,std::allocator<int>>,std::allocator<std::vector<int,std::allocator<int>>>> &,std::vector<std::vector<int,std::allocator<int>>,std::allocator<std::vector<int,std::allocator<int>>>> &)' being compiled
          with
          [
              _Ty=double
          ] (compiling source file C:\UoT-Masters\Geometry-Processing\geometry-processing-introduction\main.cpp)
  c:\uot-masters\geometry-processing\geometry-processing-introduction\shared\libigl\include\igl\viewer\Viewer.cpp(403): note: see reference to function template instantiation 'bool igl::readOBJ<Eigen::Matrix<double,-1,-1,0,-1,-1>,Eigen::Matrix<double,-1,-1,0,-1,-1>,Eigen::Matrix<double,-1,-1,0,-1,-1>,Eigen::Matrix<int,-1,-1,0,-1,-1>,Eigen::Matrix<int,-1,-1,0,-1,-1>,Eigen::Matrix<int,-1,-1,0,-1,-1>>(const std::string,Eigen::PlainObjectBase<Eigen::Matrix<double,-1,-1,0,-1,-1>> &,Eigen::PlainObjectBase<Eigen::Matrix<double,-1,-1,0,-1,-1>> &,Eigen::PlainObjectBase<Eigen::Matrix<double,-1,-1,0,-1,-1>> &,Eigen::PlainObjectBase<Eigen::Matrix<int,-1,-1,0,-1,-1>> &,Eigen::PlainObjectBase<Eigen::Matrix<int,-1,-1,0,-1,-1>> &,Eigen::PlainObjectBase<Eigen::Matrix<int,-1,-1,0,-1,-1>> &)' being compiled (compiling source file C:\UoT-Masters\Geometry-Processing\geometry-processing-introduction\main.cpp)
c:\uot-masters\geometry-processing\geometry-processing-introduction\shared\libigl\include\igl\trackball.cpp(121): warning C4244: '=': conversion from 'double' to 'float', possible loss of data (compiling source file C:\UoT-Masters\Geometry-Processing\geometry-processing-introduction\main.cpp)
  c:\uot-masters\geometry-processing\geometry-processing-introduction\shared\libigl\include\igl\trackball.cpp(157): note: see reference to function template instantiation 'void igl::trackball<Scalarquat>(const double,const double,const Q_type,const Q_type *,const double,const double,const double,const double,Q_type *)' being compiled
          with
          [
              Scalarquat=float,
              Q_type=float
          ] (compiling source file C:\UoT-Masters\Geometry-Processing\geometry-processing-introduction\main.cpp)
  c:\uot-masters\geometry-processing\geometry-processing-introduction\shared\libigl\include\igl\viewer\Viewer.cpp(700): note: see reference to function template instantiation 'void igl::trackball<float,float>(const double,const double,const double,const Eigen::Quaternion<float,0> &,const double,const double,const double,const double,Eigen::Quaternion<float,0> &)' being compiled (compiling source file C:\UoT-Masters\Geometry-Processing\geometry-processing-introduction\main.cpp)
c:\uot-masters\geometry-processing\geometry-processing-introduction\shared\libigl\include\igl\trackball.cpp(122): warning C4244: '=': conversion from 'double' to 'float', possible loss of data (compiling source file C:\UoT-Masters\Geometry-Processing\geometry-processing-introduction\main.cpp)
c:\uot-masters\geometry-processing\geometry-processing-introduction\shared\libigl\include\igl\trackball.cpp(123): warning C4244: '=': conversion from 'double' to 'float', possible loss of data (compiling source file C:\UoT-Masters\Geometry-Processing\geometry-processing-introduction\main.cpp)
c:\uot-masters\geometry-processing\geometry-processing-introduction\shared\libigl\include\igl\trackball.cpp(124): warning C4244: '=': conversion from 'double' to 'float', possible loss of data (compiling source file C:\UoT-Masters\Geometry-Processing\geometry-processing-introduction\main.cpp)
c:\uot-masters\geometry-processing\geometry-processing-introduction\shared\libigl\include\igl\trackball.cpp(128): warning C4244: '=': conversion from 'double' to 'float', possible loss of data (compiling source file C:\UoT-Masters\Geometry-Processing\geometry-processing-introduction\main.cpp)
c:\uot-masters\geometry-processing\geometry-processing-introduction\shared\libigl\include\igl\trackball.cpp(129): warning C4244: '=': conversion from 'double' to 'float', possible loss of data (compiling source file C:\UoT-Masters\Geometry-Processing\geometry-processing-introduction\main.cpp)
c:\uot-masters\geometry-processing\geometry-processing-introduction\shared\libigl\include\igl\trackball.cpp(130): warning C4244: '=': conversion from 'double' to 'float', possible loss of data (compiling source file C:\UoT-Masters\Geometry-Processing\geometry-processing-introduction\main.cpp)
c:\uot-masters\geometry-processing\geometry-processing-introduction\shared\libigl\include\igl\trackball.cpp(131): warning C4244: '=': conversion from 'double' to 'float', possible loss of data (compiling source file C:\UoT-Masters\Geometry-Processing\geometry-processing-introduction\main.cpp)
c:\uot-masters\geometry-processing\geometry-processing-introduction\shared\libigl\include\igl\snap_to_canonical_view_quat.cpp(48): warning C4305: 'initializing': truncation from 'double' to 'float' (compiling source file C:\UoT-Masters\Geometry-Processing\geometry-processing-introduction\main.cpp)
  c:\uot-masters\geometry-processing\geometry-processing-introduction\shared\libigl\include\igl\snap_to_canonical_view_quat.cpp(106): note: see reference to function template instantiation 'bool igl::snap_to_canonical_view_quat<Scalars>(const Q_type *,const Q_type,Q_type *)' being compiled
          with
          [
              Scalars=float,
              Q_type=float
          ] (compiling source file C:\UoT-Masters\Geometry-Processing\geometry-processing-introduction\main.cpp)
  c:\uot-masters\geometry-processing\geometry-processing-introduction\shared\libigl\include\igl\viewer\Viewer.cpp(851): note: see reference to function template instantiation 'bool igl::snap_to_canonical_view_quat<float,float>(const Eigen::Quaternion<float,0> &,const double,Eigen::Quaternion<float,0> &)' being compiled (compiling source file C:\UoT-Masters\Geometry-Processing\geometry-processing-introduction\main.cpp)
c:\uot-masters\geometry-processing\geometry-processing-introduction\shared\libigl\include\igl\snap_to_canonical_view_quat.cpp(64): warning C4244: '+=': conversion from 'double' to 'float', possible loss of data (compiling source file C:\UoT-Masters\Geometry-Processing\geometry-processing-introduction\main.cpp)
c:\uot-masters\geometry-processing\geometry-processing-introduction\shared\libigl\include\igl\snap_to_canonical_view_quat.cpp(92): warning C4244: '=': conversion from 'double' to 'float', possible loss of data (compiling source file C:\UoT-Masters\Geometry-Processing\geometry-processing-introduction\main.cpp)
c:\uot-masters\geometry-processing\geometry-processing-introduction\shared\libigl\include\igl\read_triangle_mesh.cpp(87): warning C4996: 'fopen': This function or variable may be unsafe. Consider using fopen_s instead. To disable deprecation, use _CRT_SECURE_NO_WARNINGS. See online help for details. (compiling source file C:\UoT-Masters\Geometry-Processing\geometry-processing-introduction\main.cpp)
  C:\Program Files (x86)\Windows Kits\10\Include\10.0.10240.0\ucrt\stdio.h(205): note: see declaration of 'fopen' (compiling source file C:\UoT-Masters\Geometry-Processing\geometry-processing-introduction\main.cpp)
  c:\uot-masters\geometry-processing\geometry-processing-introduction\shared\libigl\include\igl\read_triangle_mesh.cpp(67): note: see reference to function template instantiation 'bool igl::read_triangle_mesh<Eigen::Matrix<double,-1,-1,0,-1,-1>,Eigen::Matrix<int,-1,-1,0,-1,-1>>(const std::string,Eigen::PlainObjectBase<Eigen::Matrix<double,-1,-1,0,-1,-1>> &,Eigen::PlainObjectBase<Eigen::Matrix<int,-1,-1,0,-1,-1>> &,std::string &,std::string &,std::string &,std::string &)' being compiled (compiling source file C:\UoT-Masters\Geometry-Processing\geometry-processing-introduction\main.cpp)
  C:\UoT-Masters\Geometry-Processing\geometry-processing-introduction\main.cpp(12): note: see reference to function template instantiation 'bool igl::read_triangle_mesh<Eigen::Matrix<double,-1,-1,0,-1,-1>,Eigen::Matrix<int,-1,-1,0,-1,-1>>(const std::string,Eigen::PlainObjectBase<Eigen::Matrix<double,-1,-1,0,-1,-1>> &,Eigen::PlainObjectBase<Eigen::Matrix<int,-1,-1,0,-1,-1>> &)' being compiled
c:\uot-masters\geometry-processing\geometry-processing-introduction\shared\libigl\include\igl\readOFF.cpp(48): warning C4996: 'fscanf': This function or variable may be unsafe. Consider using fscanf_s instead. To disable deprecation, use _CRT_SECURE_NO_WARNINGS. See online help for details. (compiling source file C:\UoT-Masters\Geometry-Processing\geometry-processing-introduction\main.cpp)
  C:\Program Files (x86)\Windows Kits\10\Include\10.0.10240.0\ucrt\stdio.h(1193): note: see declaration of 'fscanf' (compiling source file C:\UoT-Masters\Geometry-Processing\geometry-processing-introduction\main.cpp)
  c:\uot-masters\geometry-processing\geometry-processing-introduction\shared\libigl\include\igl\readOFF.cpp(26): note: see reference to function template instantiation 'bool igl::readOFF<double,int>(FILE *,std::vector<std::vector<double,std::allocator<_Ty>>,std::allocator<std::vector<_Ty,std::allocator<_Ty>>>> &,std::vector<std::vector<int,std::allocator<int>>,std::allocator<std::vector<int,std::allocator<int>>>> &,std::vector<std::vector<_Ty,std::allocator<_Ty>>,std::allocator<std::vector<_Ty,std::allocator<_Ty>>>> &,std::vector<std::vector<_Ty,std::allocator<_Ty>>,std::allocator<std::vector<_Ty,std::allocator<_Ty>>>> &)' being compiled
          with
          [
              _Ty=double
          ] (compiling source file C:\UoT-Masters\Geometry-Processing\geometry-processing-introduction\main.cpp)
  c:\uot-masters\geometry-processing\geometry-processing-introduction\shared\libigl\include\igl\readOFF.cpp(177): note: see reference to function template instantiation 'bool igl::readOFF<double,int>(const std::string,std::vector<std::vector<double,std::allocator<_Ty>>,std::allocator<std::vector<_Ty,std::allocator<_Ty>>>> &,std::vector<std::vector<int,std::allocator<int>>,std::allocator<std::vector<int,std::allocator<int>>>> &,std::vector<std::vector<_Ty,std::allocator<_Ty>>,std::allocator<std::vector<_Ty,std::allocator<_Ty>>>> &,std::vector<std::vector<_Ty,std::allocator<_Ty>>,std::allocator<std::vector<_Ty,std::allocator<_Ty>>>> &)' being compiled
          with
          [
              _Ty=double
          ] (compiling source file C:\UoT-Masters\Geometry-Processing\geometry-processing-introduction\main.cpp)
c:\uot-masters\geometry-processing\geometry-processing-introduction\shared\libigl\include\igl\readOFF.cpp(72): warning C4996: 'sscanf': This function or variable may be unsafe. Consider using sscanf_s instead. To disable deprecation, use _CRT_SECURE_NO_WARNINGS. See online help for details. (compiling source file C:\UoT-Masters\Geometry-Processing\geometry-processing-introduction\main.cpp)
  C:\Program Files (x86)\Windows Kits\10\Include\10.0.10240.0\ucrt\stdio.h(2254): note: see declaration of 'sscanf' (compiling source file C:\UoT-Masters\Geometry-Processing\geometry-processing-introduction\main.cpp)
c:\uot-masters\geometry-processing\geometry-processing-introduction\shared\libigl\include\igl\readOFF.cpp(85): warning C4996: 'sscanf': This function or variable may be unsafe. Consider using sscanf_s instead. To disable deprecation, use _CRT_SECURE_NO_WARNINGS. See online help for details. (compiling source file C:\UoT-Masters\Geometry-Processing\geometry-processing-introduction\main.cpp)
  C:\Program Files (x86)\Windows Kits\10\Include\10.0.10240.0\ucrt\stdio.h(2254): note: see declaration of 'sscanf' (compiling source file C:\UoT-Masters\Geometry-Processing\geometry-processing-introduction\main.cpp)
c:\uot-masters\geometry-processing\geometry-processing-introduction\shared\libigl\include\igl\readOFF.cpp(113): warning C4996: 'fscanf': This function or variable may be unsafe. Consider using fscanf_s instead. To disable deprecation, use _CRT_SECURE_NO_WARNINGS. See online help for details. (compiling source file C:\UoT-Masters\Geometry-Processing\geometry-processing-introduction\main.cpp)
  C:\Program Files (x86)\Windows Kits\10\Include\10.0.10240.0\ucrt\stdio.h(1193): note: see declaration of 'fscanf' (compiling source file C:\UoT-Masters\Geometry-Processing\geometry-processing-introduction\main.cpp)
c:\uot-masters\geometry-processing\geometry-processing-introduction\shared\libigl\include\igl\readOFF.cpp(116): warning C4996: 'fscanf': This function or variable may be unsafe. Consider using fscanf_s instead. To disable deprecation, use _CRT_SECURE_NO_WARNINGS. See online help for details. (compiling source file C:\UoT-Masters\Geometry-Processing\geometry-processing-introduction\main.cpp)
  C:\Program Files (x86)\Windows Kits\10\Include\10.0.10240.0\ucrt\stdio.h(1193): note: see declaration of 'fscanf' (compiling source file C:\UoT-Masters\Geometry-Processing\geometry-processing-introduction\main.cpp)
c:\uot-masters\geometry-processing\geometry-processing-introduction\shared\libigl\include\igl\readOFF.cpp(132): warning C4996: 'fscanf': This function or variable may be unsafe. Consider using fscanf_s instead. To disable deprecation, use _CRT_SECURE_NO_WARNINGS. See online help for details. (compiling source file C:\UoT-Masters\Geometry-Processing\geometry-processing-introduction\main.cpp)
  C:\Program Files (x86)\Windows Kits\10\Include\10.0.10240.0\ucrt\stdio.h(1193): note: see declaration of 'fscanf' (compiling source file C:\UoT-Masters\Geometry-Processing\geometry-processing-introduction\main.cpp)
c:\uot-masters\geometry-processing\geometry-processing-introduction\shared\libigl\include\igl\readOFF.cpp(140): warning C4996: 'fscanf': This function or variable may be unsafe. Consider using fscanf_s instead. To disable deprecation, use _CRT_SECURE_NO_WARNINGS. See online help for details. (compiling source file C:\UoT-Masters\Geometry-Processing\geometry-processing-introduction\main.cpp)
  C:\Program Files (x86)\Windows Kits\10\Include\10.0.10240.0\ucrt\stdio.h(1193): note: see declaration of 'fscanf' (compiling source file C:\UoT-Masters\Geometry-Processing\geometry-processing-introduction\main.cpp)
c:\uot-masters\geometry-processing\geometry-processing-introduction\shared\libigl\include\igl\readOFF.cpp(142): warning C4996: 'fscanf': This function or variable may be unsafe. Consider using fscanf_s instead. To disable deprecation, use _CRT_SECURE_NO_WARNINGS. See online help for details. (compiling source file C:\UoT-Masters\Geometry-Processing\geometry-processing-introduction\main.cpp)
  C:\Program Files (x86)\Windows Kits\10\Include\10.0.10240.0\ucrt\stdio.h(1193): note: see declaration of 'fscanf' (compiling source file C:\UoT-Masters\Geometry-Processing\geometry-processing-introduction\main.cpp)
c:\uot-masters\geometry-processing\geometry-processing-introduction\shared\libigl\include\igl\readOFF.cpp(150): warning C4996: 'fscanf': This function or variable may be unsafe. Consider using fscanf_s instead. To disable deprecation, use _CRT_SECURE_NO_WARNINGS. See online help for details. (compiling source file C:\UoT-Masters\Geometry-Processing\geometry-processing-introduction\main.cpp)
  C:\Program Files (x86)\Windows Kits\10\Include\10.0.10240.0\ucrt\stdio.h(1193): note: see declaration of 'fscanf' (compiling source file C:\UoT-Masters\Geometry-Processing\geometry-processing-introduction\main.cpp)
c:\uot-masters\geometry-processing\geometry-processing-introduction\shared\libigl\include\igl\readOFF.cpp(153): warning C4996: 'fscanf': This function or variable may be unsafe. Consider using fscanf_s instead. To disable deprecation, use _CRT_SECURE_NO_WARNINGS. See online help for details. (compiling source file C:\UoT-Masters\Geometry-Processing\geometry-processing-introduction\main.cpp)
  C:\Program Files (x86)\Windows Kits\10\Include\10.0.10240.0\ucrt\stdio.h(1193): note: see declaration of 'fscanf' (compiling source file C:\UoT-Masters\Geometry-Processing\geometry-processing-introduction\main.cpp)
c:\uot-masters\geometry-processing\geometry-processing-introduction\shared\libigl\include\igl\readOBJ.cpp(74): warning C4996: 'sscanf': This function or variable may be unsafe. Consider using sscanf_s instead. To disable deprecation, use _CRT_SECURE_NO_WARNINGS. See online help for details. (compiling source file C:\UoT-Masters\Geometry-Processing\geometry-processing-introduction\main.cpp)
  C:\Program Files (x86)\Windows Kits\10\Include\10.0.10240.0\ucrt\stdio.h(2254): note: see declaration of 'sscanf' (compiling source file C:\UoT-Masters\Geometry-Processing\geometry-processing-introduction\main.cpp)
  c:\uot-masters\geometry-processing\geometry-processing-introduction\shared\libigl\include\igl\readOBJ.cpp(36): note: see reference to function template instantiation 'bool igl::readOBJ<double,int>(FILE *,std::vector<std::vector<double,std::allocator<_Ty>>,std::allocator<std::vector<_Ty,std::allocator<_Ty>>>> &,std::vector<std::vector<_Ty,std::allocator<_Ty>>,std::allocator<std::vector<_Ty,std::allocator<_Ty>>>> &,std::vector<std::vector<_Ty,std::allocator<_Ty>>,std::allocator<std::vector<_Ty,std::allocator<_Ty>>>> &,std::vector<std::vector<int,std::allocator<int>>,std::allocator<std::vector<int,std::allocator<int>>>> &,std::vector<std::vector<int,std::allocator<int>>,std::allocator<std::vector<int,std::allocator<int>>>> &,std::vector<std::vector<int,std::allocator<int>>,std::allocator<std::vector<int,std::allocator<int>>>> &)' being compiled
          with
          [
              _Ty=double
          ] (compiling source file C:\UoT-Masters\Geometry-Processing\geometry-processing-introduction\main.cpp)
  c:\uot-masters\geometry-processing\geometry-processing-introduction\shared\libigl\include\igl\readOBJ.cpp(263): note: see reference to function template instantiation 'bool igl::readOBJ<double,int>(const std::string,std::vector<std::vector<double,std::allocator<_Ty>>,std::allocator<std::vector<_Ty,std::allocator<_Ty>>>> &,std::vector<std::vector<_Ty,std::allocator<_Ty>>,std::allocator<std::vector<_Ty,std::allocator<_Ty>>>> &,std::vector<std::vector<_Ty,std::allocator<_Ty>>,std::allocator<std::vector<_Ty,std::allocator<_Ty>>>> &,std::vector<std::vector<int,std::allocator<int>>,std::allocator<std::vector<int,std::allocator<int>>>> &,std::vector<std::vector<int,std::allocator<int>>,std::allocator<std::vector<int,std::allocator<int>>>> &,std::vector<std::vector<int,std::allocator<int>>,std::allocator<std::vector<int,std::allocator<int>>>> &)' being compiled
          with
          [
              _Ty=double
          ] (compiling source file C:\UoT-Masters\Geometry-Processing\geometry-processing-introduction\main.cpp)
c:\uot-masters\geometry-processing\geometry-processing-introduction\shared\libigl\include\igl\readOBJ.cpp(82): warning C4996: 'sscanf': This function or variable may be unsafe. Consider using sscanf_s instead. To disable deprecation, use _CRT_SECURE_NO_WARNINGS. See online help for details. (compiling source file C:\UoT-Masters\Geometry-Processing\geometry-processing-introduction\main.cpp)
  C:\Program Files (x86)\Windows Kits\10\Include\10.0.10240.0\ucrt\stdio.h(2254): note: see declaration of 'sscanf' (compiling source file C:\UoT-Masters\Geometry-Processing\geometry-processing-introduction\main.cpp)
c:\uot-masters\geometry-processing\geometry-processing-introduction\shared\libigl\include\igl\readOBJ.cpp(101): warning C4996: 'sscanf': This function or variable may be unsafe. Consider using sscanf_s instead. To disable deprecation, use _CRT_SECURE_NO_WARNINGS. See online help for details. (compiling source file C:\UoT-Masters\Geometry-Processing\geometry-processing-introduction\main.cpp)
  C:\Program Files (x86)\Windows Kits\10\Include\10.0.10240.0\ucrt\stdio.h(2254): note: see declaration of 'sscanf' (compiling source file C:\UoT-Masters\Geometry-Processing\geometry-processing-introduction\main.cpp)
c:\uot-masters\geometry-processing\geometry-processing-introduction\shared\libigl\include\igl\readOBJ.cpp(120): warning C4996: 'sscanf': This function or variable may be unsafe. Consider using sscanf_s instead. To disable deprecation, use _CRT_SECURE_NO_WARNINGS. See online help for details. (compiling source file C:\UoT-Masters\Geometry-Processing\geometry-processing-introduction\main.cpp)
  C:\Program Files (x86)\Windows Kits\10\Include\10.0.10240.0\ucrt\stdio.h(2254): note: see declaration of 'sscanf' (compiling source file C:\UoT-Masters\Geometry-Processing\geometry-processing-introduction\main.cpp)
c:\uot-masters\geometry-processing\geometry-processing-introduction\shared\libigl\include\igl\readOBJ.cpp(156): warning C4996: 'sscanf': This function or variable may be unsafe. Consider using sscanf_s instead. To disable deprecation, use _CRT_SECURE_NO_WARNINGS. See online help for details. (compiling source file C:\UoT-Masters\Geometry-Processing\geometry-processing-introduction\main.cpp)
  C:\Program Files (x86)\Windows Kits\10\Include\10.0.10240.0\ucrt\stdio.h(2254): note: see declaration of 'sscanf' (compiling source file C:\UoT-Masters\Geometry-Processing\geometry-processing-introduction\main.cpp)
c:\uot-masters\geometry-processing\geometry-processing-introduction\shared\libigl\include\igl\readOBJ.cpp(162): warning C4996: 'sscanf': This function or variable may be unsafe. Consider using sscanf_s instead. To disable deprecation, use _CRT_SECURE_NO_WARNINGS. See online help for details. (compiling source file C:\UoT-Masters\Geometry-Processing\geometry-processing-introduction\main.cpp)
  C:\Program Files (x86)\Windows Kits\10\Include\10.0.10240.0\ucrt\stdio.h(2254): note: see declaration of 'sscanf' (compiling source file C:\UoT-Masters\Geometry-Processing\geometry-processing-introduction\main.cpp)
c:\uot-masters\geometry-processing\geometry-processing-introduction\shared\libigl\include\igl\readOBJ.cpp(167): warning C4996: 'sscanf': This function or variable may be unsafe. Consider using sscanf_s instead. To disable deprecation, use _CRT_SECURE_NO_WARNINGS. See online help for details. (compiling source file C:\UoT-Masters\Geometry-Processing\geometry-processing-introduction\main.cpp)
  C:\Program Files (x86)\Windows Kits\10\Include\10.0.10240.0\ucrt\stdio.h(2254): note: see declaration of 'sscanf' (compiling source file C:\UoT-Masters\Geometry-Processing\geometry-processing-introduction\main.cpp)
c:\uot-masters\geometry-processing\geometry-processing-introduction\shared\libigl\include\igl\readOBJ.cpp(171): warning C4996: 'sscanf': This function or variable may be unsafe. Consider using sscanf_s instead. To disable deprecation, use _CRT_SECURE_NO_WARNINGS. See online help for details. (compiling source file C:\UoT-Masters\Geometry-Processing\geometry-processing-introduction\main.cpp)
  C:\Program Files (x86)\Windows Kits\10\Include\10.0.10240.0\ucrt\stdio.h(2254): note: see declaration of 'sscanf' (compiling source file C:\UoT-Masters\Geometry-Processing\geometry-processing-introduction\main.cpp)
c:\uot-masters\geometry-processing\geometry-processing-introduction\shared\libigl\include\igl\readOBJ.cpp(175): warning C4996: 'sscanf': This function or variable may be unsafe. Consider using sscanf_s instead. To disable deprecation, use _CRT_SECURE_NO_WARNINGS. See online help for details. (compiling source file C:\UoT-Masters\Geometry-Processing\geometry-processing-introduction\main.cpp)
  C:\Program Files (x86)\Windows Kits\10\Include\10.0.10240.0\ucrt\stdio.h(2254): note: see declaration of 'sscanf' (compiling source file C:\UoT-Masters\Geometry-Processing\geometry-processing-introduction\main.cpp)
c:\uot-masters\geometry-processing\geometry-processing-introduction\shared\libigl\include\igl\parula.cpp(21): warning C4244: 'initializing': conversion from 'double' to 'float', possible loss of data (compiling source file C:\UoT-Masters\Geometry-Processing\geometry-processing-introduction\main.cpp)
  c:\uot-masters\geometry-processing\geometry-processing-introduction\shared\libigl\include\igl\parula.cpp(64): note: see reference to function template instantiation 'void igl::parula<double>(const T,T &,T &,T &)' being compiled
          with
          [
              T=double
          ] (compiling source file C:\UoT-Masters\Geometry-Processing\geometry-processing-introduction\main.cpp)
  c:\uot-masters\geometry-processing\geometry-processing-introduction\shared\libigl\include\igl\parula.cpp(46): note: see reference to function template instantiation 'void igl::parula<Eigen::Matrix<double,-1,-1,0,-1,-1>,Eigen::Matrix<double,-1,-1,0,-1,-1>>(const Eigen::PlainObjectBase<Eigen::Matrix<double,-1,-1,0,-1,-1>> &,const double,const double,Eigen::PlainObjectBase<Eigen::Matrix<double,-1,-1,0,-1,-1>> &)' being compiled (compiling source file C:\UoT-Masters\Geometry-Processing\geometry-processing-introduction\main.cpp)
  c:\uot-masters\geometry-processing\geometry-processing-introduction\shared\libigl\include\igl\viewer\ViewerData.cpp(161): note: see reference to function template instantiation 'void igl::parula<Eigen::Matrix<double,-1,-1,0,-1,-1>,Eigen::Matrix<double,-1,-1,0,-1,-1>>(const Eigen::PlainObjectBase<Eigen::Matrix<double,-1,-1,0,-1,-1>> &,const bool,Eigen::PlainObjectBase<Eigen::Matrix<double,-1,-1,0,-1,-1>> &)' being compiled (compiling source file C:\UoT-Masters\Geometry-Processing\geometry-processing-introduction\main.cpp)
c:\uot-masters\geometry-processing\geometry-processing-introduction\shared\libigl\include\igl\parula.cpp(21): warning C4244: 'initializing': conversion from 'double' to 'const float', possible loss of data (compiling source file C:\UoT-Masters\Geometry-Processing\geometry-processing-introduction\main.cpp)
c:\uot-masters\geometry-processing\geometry-processing-introduction\shared\libigl\include\igl\parula.cpp(24): warning C4244: 'initializing': conversion from 'float' to 'std::size_t', possible loss of data (compiling source file C:\UoT-Masters\Geometry-Processing\geometry-processing-introduction\main.cpp)
c:\uot-masters\geometry-processing\geometry-processing-introduction\shared\libigl\include\igl\parula.cpp(25): warning C4244: 'initializing': conversion from 'float' to 'std::size_t', possible loss of data (compiling source file C:\UoT-Masters\Geometry-Processing\geometry-processing-introduction\main.cpp)
c:\uot-masters\geometry-processing\geometry-processing-introduction\shared\libigl\include\igl\parula.cpp(26): warning C4244: 'initializing': conversion from 'double' to 'float', possible loss of data (compiling source file C:\UoT-Masters\Geometry-Processing\geometry-processing-introduction\main.cpp)
c:\uot-masters\geometry-processing\geometry-processing-introduction\shared\libigl\include\igl\parula.cpp(26): warning C4244: 'initializing': conversion from 'double' to 'const float', possible loss of data (compiling source file C:\UoT-Masters\Geometry-Processing\geometry-processing-introduction\main.cpp)
c:\uot-masters\geometry-processing\geometry-processing-introduction\shared\libigl\include\igl\internal_angles.cpp(51): warning C4018: '<': signed/unsigned mismatch (compiling source file C:\UoT-Masters\Geometry-Processing\geometry-processing-introduction\main.cpp)
  c:\uot-masters\geometry-processing\geometry-processing-introduction\shared\libigl\include\igl\per_vertex_normals.cpp(67): note: see reference to function template instantiation 'void igl::internal_angles<Eigen::Matrix<double,-1,-1,0,-1,-1>,Eigen::Matrix<int,-1,-1,0,-1,-1>,Eigen::Matrix<double,-1,3,0,-1,3>>(const Eigen::PlainObjectBase<Eigen::Matrix<double,-1,-1,0,-1,-1>> &,const Eigen::PlainObjectBase<Eigen::Matrix<int,-1,-1,0,-1,-1>> &,Eigen::PlainObjectBase<Eigen::Matrix<double,-1,3,0,-1,3>> &)' being compiled (compiling source file C:\UoT-Masters\Geometry-Processing\geometry-processing-introduction\main.cpp)
  c:\uot-masters\geometry-processing\geometry-processing-introduction\shared\libigl\include\igl\per_vertex_normals.cpp(112): note: see reference to function template instantiation 'void igl::per_vertex_normals<Eigen::Matrix<double,-1,-1,0,-1,-1>,Eigen::Matrix<int,-1,-1,0,-1,-1>,Eigen::Matrix<double,-1,-1,0,-1,-1>,Eigen::Matrix<double,-1,-1,0,-1,-1>>(const Eigen::PlainObjectBase<Eigen::Matrix<double,-1,-1,0,-1,-1>> &,const Eigen::PlainObjectBase<Eigen::Matrix<int,-1,-1,0,-1,-1>> &,const igl::PerVertexNormalsWeightingType,const Eigen::PlainObjectBase<Eigen::Matrix<double,-1,-1,0,-1,-1>> &,Eigen::PlainObjectBase<Eigen::Matrix<double,-1,-1,0,-1,-1>> &)' being compiled (compiling source file C:\UoT-Masters\Geometry-Processing\geometry-processing-introduction\main.cpp)
  c:\uot-masters\geometry-processing\geometry-processing-introduction\shared\libigl\include\igl\viewer\ViewerData.cpp(373): note: see reference to function template instantiation 'void igl::per_vertex_normals<Eigen::Matrix<double,-1,-1,0,-1,-1>,Eigen::Matrix<int,-1,-1,0,-1,-1>>(const Eigen::PlainObjectBase<Eigen::Matrix<double,-1,-1,0,-1,-1>> &,const Eigen::PlainObjectBase<Eigen::Matrix<int,-1,-1,0,-1,-1>> &,const Eigen::PlainObjectBase<Eigen::Matrix<double,-1,-1,0,-1,-1>> &,Eigen::PlainObjectBase<Eigen::Matrix<double,-1,-1,0,-1,-1>> &)' being compiled (compiling source file C:\UoT-Masters\Geometry-Processing\geometry-processing-introduction\main.cpp)
c:\uot-masters\geometry-processing\geometry-processing-introduction\shared\libigl\include\igl\internal_angles.cpp(53): warning C4018: '<': signed/unsigned mismatch (compiling source file C:\UoT-Masters\Geometry-Processing\geometry-processing-introduction\main.cpp)
c:\uot-masters\geometry-processing\geometry-processing-introduction\shared\libigl\include\igl\doublearea.cpp(223): warning C4018: '<': signed/unsigned mismatch (compiling source file C:\UoT-Masters\Geometry-Processing\geometry-processing-introduction\main.cpp)
  c:\uot-masters\geometry-processing\geometry-processing-introduction\shared\libigl\include\igl\doublearea.cpp(23): note: see reference to function template instantiation 'void igl::doublearea_quad<Derived,Eigen::Matrix<int,-1,-1,0,-1,-1>,Eigen::Matrix<double,-1,1,0,-1,1>>(const Eigen::MatrixBase<Derived> &,const Eigen::MatrixBase<Eigen::Matrix<int,-1,-1,0,-1,-1>> &,Eigen::PlainObjectBase<Eigen::Matrix<double,-1,1,0,-1,1>> &)' being compiled
          with
          [
              Derived=Eigen::Matrix<double,-1,-1,0,-1,-1>
          ] (compiling source file C:\UoT-Masters\Geometry-Processing\geometry-processing-introduction\main.cpp)
  c:\uot-masters\geometry-processing\geometry-processing-introduction\shared\libigl\include\igl\per_vertex_normals.cpp(62): note: see reference to function template instantiation 'void igl::doublearea<Derived,Eigen::Matrix<int,-1,-1,0,-1,-1>,Eigen::Matrix<double,-1,1,0,-1,1>>(const Eigen::MatrixBase<Derived> &,const Eigen::MatrixBase<Eigen::Matrix<int,-1,-1,0,-1,-1>> &,Eigen::PlainObjectBase<Eigen::Matrix<double,-1,1,0,-1,1>> &)' being compiled
          with
          [
              Derived=Eigen::Matrix<double,-1,-1,0,-1,-1>
          ] (compiling source file C:\UoT-Masters\Geometry-Processing\geometry-processing-introduction\main.cpp)
c:\uot-masters\geometry-processing\geometry-processing-introduction\shared\libigl\include\igl\readMESH.cpp(280): warning C4996: 'sscanf': This function or variable may be unsafe. Consider using sscanf_s instead. To disable deprecation, use _CRT_SECURE_NO_WARNINGS. See online help for details. (compiling source file C:\UoT-Masters\Geometry-Processing\geometry-processing-introduction\main.cpp)
  C:\Program Files (x86)\Windows Kits\10\Include\10.0.10240.0\ucrt\stdio.h(2254): note: see declaration of 'sscanf' (compiling source file C:\UoT-Masters\Geometry-Processing\geometry-processing-introduction\main.cpp)
  c:\uot-masters\geometry-processing\geometry-processing-introduction\shared\libigl\include\igl\read_triangle_mesh.cpp(106): note: see reference to function template instantiation 'bool igl::readMESH<Eigen::Matrix<double,-1,-1,0,-1,-1>,Eigen::Matrix<int,-1,-1,0,-1,-1>,Eigen::Matrix<int,-1,-1,0,-1,-1>>(FILE *,Eigen::PlainObjectBase<Eigen::Matrix<double,-1,-1,0,-1,-1>> &,Eigen::PlainObjectBase<Eigen::Matrix<int,-1,-1,0,-1,-1>> &,Eigen::PlainObjectBase<Eigen::Matrix<int,-1,-1,0,-1,-1>> &)' being compiled (compiling source file C:\UoT-Masters\Geometry-Processing\geometry-processing-introduction\main.cpp)
  c:\uot-masters\geometry-processing\geometry-processing-introduction\shared\libigl\include\igl\read_triangle_mesh.cpp(88): note: see reference to function template instantiation 'bool igl::read_triangle_mesh<Eigen::Matrix<double,-1,-1,0,-1,-1>,Eigen::Matrix<int,-1,-1,0,-1,-1>>(const std::string &,FILE *,Eigen::PlainObjectBase<Eigen::Matrix<double,-1,-1,0,-1,-1>> &,Eigen::PlainObjectBase<Eigen::Matrix<int,-1,-1,0,-1,-1>> &)' being compiled (compiling source file C:\UoT-Masters\Geometry-Processing\geometry-processing-introduction\main.cpp)
  c:\uot-masters\geometry-processing\geometry-processing-introduction\shared\libigl\include\igl\read_triangle_mesh.cpp(67): note: see reference to function template instantiation 'bool igl::read_triangle_mesh<Eigen::Matrix<double,-1,-1,0,-1,-1>,Eigen::Matrix<int,-1,-1,0,-1,-1>>(const std::string,Eigen::PlainObjectBase<Eigen::Matrix<double,-1,-1,0,-1,-1>> &,Eigen::PlainObjectBase<Eigen::Matrix<int,-1,-1,0,-1,-1>> &,std::string &,std::string &,std::string &,std::string &)' being compiled (compiling source file C:\UoT-Masters\Geometry-Processing\geometry-processing-introduction\main.cpp)
c:\uot-masters\geometry-processing\geometry-processing-introduction\shared\libigl\include\igl\readMESH.cpp(290): warning C4996: 'sscanf': This function or variable may be unsafe. Consider using sscanf_s instead. To disable deprecation, use _CRT_SECURE_NO_WARNINGS. See online help for details. (compiling source file C:\UoT-Masters\Geometry-Processing\geometry-processing-introduction\main.cpp)
  C:\Program Files (x86)\Windows Kits\10\Include\10.0.10240.0\ucrt\stdio.h(2254): note: see declaration of 'sscanf' (compiling source file C:\UoT-Masters\Geometry-Processing\geometry-processing-introduction\main.cpp)
c:\uot-masters\geometry-processing\geometry-processing-introduction\shared\libigl\include\igl\readMESH.cpp(293): warning C4996: 'fscanf': This function or variable may be unsafe. Consider using fscanf_s instead. To disable deprecation, use _CRT_SECURE_NO_WARNINGS. See online help for details. (compiling source file C:\UoT-Masters\Geometry-Processing\geometry-processing-introduction\main.cpp)
  C:\Program Files (x86)\Windows Kits\10\Include\10.0.10240.0\ucrt\stdio.h(1193): note: see declaration of 'fscanf' (compiling source file C:\UoT-Masters\Geometry-Processing\geometry-processing-introduction\main.cpp)
c:\uot-masters\geometry-processing\geometry-processing-introduction\shared\libigl\include\igl\readMESH.cpp(310): warning C4996: 'sscanf': This function or variable may be unsafe. Consider using sscanf_s instead. To disable deprecation, use _CRT_SECURE_NO_WARNINGS. See online help for details. (compiling source file C:\UoT-Masters\Geometry-Processing\geometry-processing-introduction\main.cpp)
  C:\Program Files (x86)\Windows Kits\10\Include\10.0.10240.0\ucrt\stdio.h(2254): note: see declaration of 'sscanf' (compiling source file C:\UoT-Masters\Geometry-Processing\geometry-processing-introduction\main.cpp)
c:\uot-masters\geometry-processing\geometry-processing-introduction\shared\libigl\include\igl\readMESH.cpp(319): warning C4996: 'sscanf': This function or variable may be unsafe. Consider using sscanf_s instead. To disable deprecation, use _CRT_SECURE_NO_WARNINGS. See online help for details. (compiling source file C:\UoT-Masters\Geometry-Processing\geometry-processing-introduction\main.cpp)
  C:\Program Files (x86)\Windows Kits\10\Include\10.0.10240.0\ucrt\stdio.h(2254): note: see declaration of 'sscanf' (compiling source file C:\UoT-Masters\Geometry-Processing\geometry-processing-introduction\main.cpp)
c:\uot-masters\geometry-processing\geometry-processing-introduction\shared\libigl\include\igl\readMESH.cpp(322): warning C4996: 'fscanf': This function or variable may be unsafe. Consider using fscanf_s instead. To disable deprecation, use _CRT_SECURE_NO_WARNINGS. See online help for details. (compiling source file C:\UoT-Masters\Geometry-Processing\geometry-processing-introduction\main.cpp)
  C:\Program Files (x86)\Windows Kits\10\Include\10.0.10240.0\ucrt\stdio.h(1193): note: see declaration of 'fscanf' (compiling source file C:\UoT-Masters\Geometry-Processing\geometry-processing-introduction\main.cpp)
c:\uot-masters\geometry-processing\geometry-processing-introduction\shared\libigl\include\igl\readMESH.cpp(339): warning C4996: 'sscanf': This function or variable may be unsafe. Consider using sscanf_s instead. To disable deprecation, use _CRT_SECURE_NO_WARNINGS. See online help for details. (compiling source file C:\UoT-Masters\Geometry-Processing\geometry-processing-introduction\main.cpp)
  C:\Program Files (x86)\Windows Kits\10\Include\10.0.10240.0\ucrt\stdio.h(2254): note: see declaration of 'sscanf' (compiling source file C:\UoT-Masters\Geometry-Processing\geometry-processing-introduction\main.cpp)
c:\uot-masters\geometry-processing\geometry-processing-introduction\shared\libigl\include\igl\readMESH.cpp(351): warning C4996: 'fscanf': This function or variable may be unsafe. Consider using fscanf_s instead. To disable deprecation, use _CRT_SECURE_NO_WARNINGS. See online help for details. (compiling source file C:\UoT-Masters\Geometry-Processing\geometry-processing-introduction\main.cpp)
  C:\Program Files (x86)\Windows Kits\10\Include\10.0.10240.0\ucrt\stdio.h(1193): note: see declaration of 'fscanf' (compiling source file C:\UoT-Masters\Geometry-Processing\geometry-processing-introduction\main.cpp)
c:\uot-masters\geometry-processing\geometry-processing-introduction\shared\libigl\include\igl\readMESH.cpp(363): warning C4996: 'fscanf': This function or variable may be unsafe. Consider using fscanf_s instead. To disable deprecation, use _CRT_SECURE_NO_WARNINGS. See online help for details. (compiling source file C:\UoT-Masters\Geometry-Processing\geometry-processing-introduction\main.cpp)
  C:\Program Files (x86)\Windows Kits\10\Include\10.0.10240.0\ucrt\stdio.h(1193): note: see declaration of 'fscanf' (compiling source file C:\UoT-Masters\Geometry-Processing\geometry-processing-introduction\main.cpp)
c:\uot-masters\geometry-processing\geometry-processing-introduction\shared\libigl\include\igl\readMESH.cpp(382): warning C4996: 'sscanf': This function or variable may be unsafe. Consider using sscanf_s instead. To disable deprecation, use _CRT_SECURE_NO_WARNINGS. See online help for details. (compiling source file C:\UoT-Masters\Geometry-Processing\geometry-processing-introduction\main.cpp)
  C:\Program Files (x86)\Windows Kits\10\Include\10.0.10240.0\ucrt\stdio.h(2254): note: see declaration of 'sscanf' (compiling source file C:\UoT-Masters\Geometry-Processing\geometry-processing-introduction\main.cpp)
c:\uot-masters\geometry-processing\geometry-processing-introduction\shared\libigl\include\igl\readMESH.cpp(391): warning C4996: 'fscanf': This function or variable may be unsafe. Consider using fscanf_s instead. To disable deprecation, use _CRT_SECURE_NO_WARNINGS. See online help for details. (compiling source file C:\UoT-Masters\Geometry-Processing\geometry-processing-introduction\main.cpp)
  C:\Program Files (x86)\Windows Kits\10\Include\10.0.10240.0\ucrt\stdio.h(1193): note: see declaration of 'fscanf' (compiling source file C:\UoT-Masters\Geometry-Processing\geometry-processing-introduction\main.cpp)
c:\uot-masters\geometry-processing\geometry-processing-introduction\shared\libigl\include\igl\readMESH.cpp(403): warning C4996: 'fscanf': This function or variable may be unsafe. Consider using fscanf_s instead. To disable deprecation, use _CRT_SECURE_NO_WARNINGS. See online help for details. (compiling source file C:\UoT-Masters\Geometry-Processing\geometry-processing-introduction\main.cpp)
  C:\Program Files (x86)\Windows Kits\10\Include\10.0.10240.0\ucrt\stdio.h(1193): note: see declaration of 'fscanf' (compiling source file C:\UoT-Masters\Geometry-Processing\geometry-processing-introduction\main.cpp)
c:\uot-masters\geometry-processing\geometry-processing-introduction\shared\libigl\include\igl\readMESH.cpp(422): warning C4996: 'sscanf': This function or variable may be unsafe. Consider using sscanf_s instead. To disable deprecation, use _CRT_SECURE_NO_WARNINGS. See online help for details. (compiling source file C:\UoT-Masters\Geometry-Processing\geometry-processing-introduction\main.cpp)
  C:\Program Files (x86)\Windows Kits\10\Include\10.0.10240.0\ucrt\stdio.h(2254): note: see declaration of 'sscanf' (compiling source file C:\UoT-Masters\Geometry-Processing\geometry-processing-introduction\main.cpp)
c:\uot-masters\geometry-processing\geometry-processing-introduction\shared\libigl\include\igl\readMESH.cpp(431): warning C4996: 'fscanf': This function or variable may be unsafe. Consider using fscanf_s instead. To disable deprecation, use _CRT_SECURE_NO_WARNINGS. See online help for details. (compiling source file C:\UoT-Masters\Geometry-Processing\geometry-processing-introduction\main.cpp)
  C:\Program Files (x86)\Windows Kits\10\Include\10.0.10240.0\ucrt\stdio.h(1193): note: see declaration of 'fscanf' (compiling source file C:\UoT-Masters\Geometry-Processing\geometry-processing-introduction\main.cpp)
c:\uot-masters\geometry-processing\geometry-processing-introduction\shared\libigl\include\igl\readMESH.cpp(443): warning C4996: 'fscanf': This function or variable may be unsafe. Consider using fscanf_s instead. To disable deprecation, use _CRT_SECURE_NO_WARNINGS. See online help for details. (compiling source file C:\UoT-Masters\Geometry-Processing\geometry-processing-introduction\main.cpp)
  C:\Program Files (x86)\Windows Kits\10\Include\10.0.10240.0\ucrt\stdio.h(1193): note: see declaration of 'fscanf' (compiling source file C:\UoT-Masters\Geometry-Processing\geometry-processing-introduction\main.cpp)
c:\uot-masters\geometry-processing\geometry-processing-introduction\shared\libigl\include\igl\readSTL.cpp(74): warning C4996: 'freopen': This function or variable may be unsafe. Consider using freopen_s instead. To disable deprecation, use _CRT_SECURE_NO_WARNINGS. See online help for details. (compiling source file C:\UoT-Masters\Geometry-Processing\geometry-processing-introduction\main.cpp)
  C:\Program Files (x86)\Windows Kits\10\Include\10.0.10240.0\ucrt\stdio.h(240): note: see declaration of 'freopen' (compiling source file C:\UoT-Masters\Geometry-Processing\geometry-processing-introduction\main.cpp)
  c:\uot-masters\geometry-processing\geometry-processing-introduction\shared\libigl\include\igl\read_triangle_mesh.cpp(140): note: see reference to function template instantiation 'bool igl::readSTL<double,int,double>(FILE *,std::vector<std::vector<double,std::allocator<_Ty>>,std::allocator<std::vector<_Ty,std::allocator<_Ty>>>> &,std::vector<std::vector<int,std::allocator<int>>,std::allocator<std::vector<int,std::allocator<int>>>> &,std::vector<std::vector<_Ty,std::allocator<_Ty>>,std::allocator<std::vector<_Ty,std::allocator<_Ty>>>> &)' being compiled
          with
          [
              _Ty=double
          ] (compiling source file C:\UoT-Masters\Geometry-Processing\geometry-processing-introduction\main.cpp)
c:\uot-masters\geometry-processing\geometry-processing-introduction\shared\libigl\include\igl\readSTL.cpp(95): warning C4996: 'sscanf': This function or variable may be unsafe. Consider using sscanf_s instead. To disable deprecation, use _CRT_SECURE_NO_WARNINGS. See online help for details. (compiling source file C:\UoT-Masters\Geometry-Processing\geometry-processing-introduction\main.cpp)
  C:\Program Files (x86)\Windows Kits\10\Include\10.0.10240.0\ucrt\stdio.h(2254): note: see declaration of 'sscanf' (compiling source file C:\UoT-Masters\Geometry-Processing\geometry-processing-introduction\main.cpp)
c:\uot-masters\geometry-processing\geometry-processing-introduction\shared\libigl\include\igl\readSTL.cpp(125): warning C4996: 'freopen': This function or variable may be unsafe. Consider using freopen_s instead. To disable deprecation, use _CRT_SECURE_NO_WARNINGS. See online help for details. (compiling source file C:\UoT-Masters\Geometry-Processing\geometry-processing-introduction\main.cpp)
  C:\Program Files (x86)\Windows Kits\10\Include\10.0.10240.0\ucrt\stdio.h(240): note: see declaration of 'freopen' (compiling source file C:\UoT-Masters\Geometry-Processing\geometry-processing-introduction\main.cpp)
c:\uot-masters\geometry-processing\geometry-processing-introduction\shared\libigl\include\igl\readSTL.cpp(149): warning C4996: 'fscanf': This function or variable may be unsafe. Consider using fscanf_s instead. To disable deprecation, use _CRT_SECURE_NO_WARNINGS. See online help for details. (compiling source file C:\UoT-Masters\Geometry-Processing\geometry-processing-introduction\main.cpp)
  C:\Program Files (x86)\Windows Kits\10\Include\10.0.10240.0\ucrt\stdio.h(1193): note: see declaration of 'fscanf' (compiling source file C:\UoT-Masters\Geometry-Processing\geometry-processing-introduction\main.cpp)
c:\uot-masters\geometry-processing\geometry-processing-introduction\shared\libigl\include\igl\readSTL.cpp(168): warning C4996: 'fscanf': This function or variable may be unsafe. Consider using fscanf_s instead. To disable deprecation, use _CRT_SECURE_NO_WARNINGS. See online help for details. (compiling source file C:\UoT-Masters\Geometry-Processing\geometry-processing-introduction\main.cpp)
  C:\Program Files (x86)\Windows Kits\10\Include\10.0.10240.0\ucrt\stdio.h(1193): note: see declaration of 'fscanf' (compiling source file C:\UoT-Masters\Geometry-Processing\geometry-processing-introduction\main.cpp)
c:\uot-masters\geometry-processing\geometry-processing-introduction\shared\libigl\include\igl\readSTL.cpp(178): warning C4996: 'fscanf': This function or variable may be unsafe. Consider using fscanf_s instead. To disable deprecation, use _CRT_SECURE_NO_WARNINGS. See online help for details. (compiling source file C:\UoT-Masters\Geometry-Processing\geometry-processing-introduction\main.cpp)
  C:\Program Files (x86)\Windows Kits\10\Include\10.0.10240.0\ucrt\stdio.h(1193): note: see declaration of 'fscanf' (compiling source file C:\UoT-Masters\Geometry-Processing\geometry-processing-introduction\main.cpp)
c:\uot-masters\geometry-processing\geometry-processing-introduction\shared\libigl\include\igl\readSTL.cpp(186): warning C4996: 'fscanf': This function or variable may be unsafe. Consider using fscanf_s instead. To disable deprecation, use _CRT_SECURE_NO_WARNINGS. See online help for details. (compiling source file C:\UoT-Masters\Geometry-Processing\geometry-processing-introduction\main.cpp)
  C:\Program Files (x86)\Windows Kits\10\Include\10.0.10240.0\ucrt\stdio.h(1193): note: see declaration of 'fscanf' (compiling source file C:\UoT-Masters\Geometry-Processing\geometry-processing-introduction\main.cpp)
c:\uot-masters\geometry-processing\geometry-processing-introduction\shared\libigl\include\igl\readSTL.cpp(204): warning C4996: 'fscanf': This function or variable may be unsafe. Consider using fscanf_s instead. To disable deprecation, use _CRT_SECURE_NO_WARNINGS. See online help for details. (compiling source file C:\UoT-Masters\Geometry-Processing\geometry-processing-introduction\main.cpp)
  C:\Program Files (x86)\Windows Kits\10\Include\10.0.10240.0\ucrt\stdio.h(1193): note: see declaration of 'fscanf' (compiling source file C:\UoT-Masters\Geometry-Processing\geometry-processing-introduction\main.cpp)
c:\uot-masters\geometry-processing\geometry-processing-introduction\shared\libigl\include\igl\readSTL.cpp(216): warning C4996: 'freopen': This function or variable may be unsafe. Consider using freopen_s instead. To disable deprecation, use _CRT_SECURE_NO_WARNINGS. See online help for details. (compiling source file C:\UoT-Masters\Geometry-Processing\geometry-processing-introduction\main.cpp)
  C:\Program Files (x86)\Windows Kits\10\Include\10.0.10240.0\ucrt\stdio.h(240): note: see declaration of 'freopen' (compiling source file C:\UoT-Masters\Geometry-Processing\geometry-processing-introduction\main.cpp)
c:\uot-masters\geometry-processing\geometry-processing-introduction\shared\libigl\include\igl\readWRL.cpp(58): warning C4996: 'fscanf': This function or variable may be unsafe. Consider using fscanf_s instead. To disable deprecation, use _CRT_SECURE_NO_WARNINGS. See online help for details. (compiling source file C:\UoT-Masters\Geometry-Processing\geometry-processing-introduction\main.cpp)
  C:\Program Files (x86)\Windows Kits\10\Include\10.0.10240.0\ucrt\stdio.h(1193): note: see declaration of 'fscanf' (compiling source file C:\UoT-Masters\Geometry-Processing\geometry-processing-introduction\main.cpp)
  c:\uot-masters\geometry-processing\geometry-processing-introduction\shared\libigl\include\igl\read_triangle_mesh.cpp(146): note: see reference to function template instantiation 'bool igl::readWRL<double,int>(FILE *,std::vector<std::vector<double,std::allocator<_Ty>>,std::allocator<std::vector<_Ty,std::allocator<_Ty>>>> &,std::vector<std::vector<int,std::allocator<int>>,std::allocator<std::vector<int,std::allocator<int>>>> &)' being compiled
          with
          [
              _Ty=double
          ] (compiling source file C:\UoT-Masters\Geometry-Processing\geometry-processing-introduction\main.cpp)
c:\uot-masters\geometry-processing\geometry-processing-introduction\shared\libigl\include\igl\readWRL.cpp(94): warning C4996: 'fscanf': This function or variable may be unsafe. Consider using fscanf_s instead. To disable deprecation, use _CRT_SECURE_NO_WARNINGS. See online help for details. (compiling source file C:\UoT-Masters\Geometry-Processing\geometry-processing-introduction\main.cpp)
  C:\Program Files (x86)\Windows Kits\10\Include\10.0.10240.0\ucrt\stdio.h(1193): note: see declaration of 'fscanf' (compiling source file C:\UoT-Masters\Geometry-Processing\geometry-processing-introduction\main.cpp)
c:\uot-masters\geometry-processing\geometry-processing-introduction\shared\libigl\include\igl\parallel_for.h(130): warning C4018: '<': signed/unsigned mismatch (compiling source file C:\UoT-Masters\Geometry-Processing\geometry-processing-introduction\main.cpp)
  c:\uot-masters\geometry-processing\geometry-processing-introduction\shared\libigl\include\igl\parallel_for.h(106): note: see reference to function template instantiation 'bool igl::parallel_for<Index,igl::parallel_for::<lambda_78bdf95997fe447002cc7e1ae4b24fa4>,igl::parallel_for::<lambda_aedec01e70dd4c380a31ba31d4ca9189>,igl::parallel_for::<lambda_78bdf95997fe447002cc7e1ae4b24fa4>>(const Index,const PreFunctionType &,const FunctionType &,const AccumFunctionType &,const std::size_t)' being compiled
          with
          [
              Index=Index,
              PreFunctionType=igl::parallel_for::<lambda_78bdf95997fe447002cc7e1ae4b24fa4>,
              FunctionType=igl::parallel_for::<lambda_aedec01e70dd4c380a31ba31d4ca9189>,
              AccumFunctionType=igl::parallel_for::<lambda_78bdf95997fe447002cc7e1ae4b24fa4>
          ] (compiling source file C:\UoT-Masters\Geometry-Processing\geometry-processing-introduction\main.cpp)
  c:\uot-masters\geometry-processing\geometry-processing-introduction\shared\libigl\include\igl\doublearea.cpp(196): note: see reference to function template instantiation 'bool igl::parallel_for<Index,igl::doublearea::<lambda_0415537373a04fdf782bb90f2cf66785>>(const Index,const FunctionType &,const std::size_t)' being compiled
          with
          [
              Index=Index,
              FunctionType=igl::doublearea::<lambda_0415537373a04fdf782bb90f2cf66785>
          ] (compiling source file C:\UoT-Masters\Geometry-Processing\geometry-processing-introduction\main.cpp)
  c:\uot-masters\geometry-processing\geometry-processing-introduction\shared\libigl\include\igl\doublearea.cpp(71): note: see reference to function template instantiation 'void igl::doublearea<Derived,Eigen::Matrix<double,-1,1,0,-1,1>>(const Eigen::MatrixBase<Derived> &,const double,Eigen::PlainObjectBase<Eigen::Matrix<double,-1,1,0,-1,1>> &)' being compiled
          with
          [
              Derived=Eigen::Matrix<double,-1,3,0,-1,3>
          ] (compiling source file C:\UoT-Masters\Geometry-Processing\geometry-processing-introduction\main.cpp)
     Creating library C:/UoT-Masters/Geometry-Processing/geometry-processing-introduction/build/Release/introduction.lib and object C:/UoT-Masters/Geometry-Processing/geometry-processing-introduction/build/Release/introduction.exp
  introduction.vcxproj -> C:\UoT-Masters\Geometry-Processing\geometry-processing-introduction\build\introduction.exe
