c:\uot-masters\geometry-processing\geometry-processing-introduction\build\introduction.dir\debug\edges.obj
c:\uot-masters\geometry-processing\geometry-processing-introduction\build\introduction.dir\debug\main.obj
c:\uot-masters\geometry-processing\geometry-processing-introduction\build\introduction.dir\debug\euler_characteristic.obj
c:\uot-masters\geometry-processing\geometry-processing-introduction\build\cmakefiles\generate.stamp
c:\uot-masters\geometry-processing\geometry-processing-introduction\build\debug\introduction.lib
c:\uot-masters\geometry-processing\geometry-processing-introduction\build\debug\introduction.exp
c:\uot-masters\geometry-processing\geometry-processing-introduction\build\introduction.ilk
c:\uot-masters\geometry-processing\geometry-processing-introduction\build\introduction.exe
c:\uot-masters\geometry-processing\geometry-processing-introduction\build\introduction.pdb
c:\uot-masters\geometry-processing\geometry-processing-introduction\build\introduction.dir\debug\introduction.vcxprojresolveassemblyreference.cache
c:\uot-masters\geometry-processing\geometry-processing-introduction\build\introduction.dir\debug\vc140.pdb
c:\uot-masters\geometry-processing\geometry-processing-introduction\build\introduction.dir\debug\introduction.tlog\cl.command.1.tlog
c:\uot-masters\geometry-processing\geometry-processing-introduction\build\introduction.dir\debug\introduction.tlog\cl.read.1.tlog
c:\uot-masters\geometry-processing\geometry-processing-introduction\build\introduction.dir\debug\introduction.tlog\cl.write.1.tlog
c:\uot-masters\geometry-processing\geometry-processing-introduction\build\introduction.dir\debug\introduction.tlog\custombuild.command.1.tlog
c:\uot-masters\geometry-processing\geometry-processing-introduction\build\introduction.dir\debug\introduction.tlog\custombuild.read.1.tlog
c:\uot-masters\geometry-processing\geometry-processing-introduction\build\introduction.dir\debug\introduction.tlog\custombuild.write.1.tlog
c:\uot-masters\geometry-processing\geometry-processing-introduction\build\introduction.dir\debug\introduction.tlog\introduction.write.1u.tlog
c:\uot-masters\geometry-processing\geometry-processing-introduction\build\introduction.dir\debug\introduction.tlog\link.command.1.tlog
c:\uot-masters\geometry-processing\geometry-processing-introduction\build\introduction.dir\debug\introduction.tlog\link.read.1.tlog
c:\uot-masters\geometry-processing\geometry-processing-introduction\build\introduction.dir\debug\introduction.tlog\link.write.1.tlog
